[ 2017-07-08T11:50:24+08:00 ] 127.0.0.1 /wechat.php?s=/Activity/index/p/2
INFO: [ app_begin ] --START--
INFO: Run Behavior\ReadHtmlCacheBehavior [ RunTime:0.002000s ]
INFO: [ app_begin ] --END-- [ RunTime:0.003000s ]
SQL: SHOW COLUMNS FROM `onethink_document` [ RunTime:0.0120s ]
SQL: SELECT COUNT(*) AS tp_count FROM `onethink_document` WHERE (  category_id=41 ) LIMIT 1   [ RunTime:0.0010s ]
SQL: SELECT * FROM `onethink_document` WHERE (  category_id=40 ) LIMIT 2,2   [ RunTime:0.0010s ]
SQL: SHOW COLUMNS FROM `onethink_picture` [ RunTime:0.0070s ]
SQL: SELECT * FROM `onethink_picture` WHERE (  id=4 ) LIMIT 1   [ RunTime:0.0000s ]

[ 2017-07-08T11:51:16+08:00 ] 127.0.0.1 /wechat.php?s=/Activity/index/p/2
INFO: [ app_begin ] --START--
INFO: Run Behavior\ReadHtmlCacheBehavior [ RunTime:0.002000s ]
INFO: [ app_begin ] --END-- [ RunTime:0.003000s ]
SQL: SHOW COLUMNS FROM `onethink_document` [ RunTime:0.0200s ]
SQL: SELECT COUNT(*) AS tp_count FROM `onethink_document` WHERE (  category_id=41 ) LIMIT 1   [ RunTime:0.0010s ]
SQL: SELECT * FROM `onethink_document` WHERE (  category_id=40 ) LIMIT 2,2   [ RunTime:0.0010s ]
SQL: SHOW COLUMNS FROM `onethink_picture` [ RunTime:0.0250s ]
SQL: SELECT * FROM `onethink_picture` WHERE (  id=4 ) LIMIT 1   [ RunTime:0.0010s ]
INFO: [ app_end ] --START--
INFO: Run Behavior\ShowPageTraceBehavior [ RunTime:0.002000s ]
INFO: [ app_end ] --END-- [ RunTime:0.002000s ]

[ 2017-07-08T11:51:52+08:00 ] 127.0.0.1 /wechat.php?s=/Activity/index/p/2
INFO: [ app_begin ] --START--
INFO: Run Behavior\ReadHtmlCacheBehavior [ RunTime:0.002000s ]
INFO: [ app_begin ] --END-- [ RunTime:0.003000s ]
SQL: SHOW COLUMNS FROM `onethink_document` [ RunTime:0.0130s ]
SQL: SELECT COUNT(*) AS tp_count FROM `onethink_document` WHERE (  category_id=41 ) LIMIT 1   [ RunTime:0.0000s ]
SQL: SELECT * FROM `onethink_document` WHERE (  category_id=40 ) LIMIT 2,2   [ RunTime:0.0030s ]
SQL: SHOW COLUMNS FROM `onethink_picture` [ RunTime:0.0080s ]
SQL: SELECT * FROM `onethink_picture` WHERE (  id=4 ) LIMIT 1   [ RunTime:0.0010s ]
INFO: [ app_end ] --START--
INFO: Run Behavior\ShowPageTraceBehavior [ RunTime:0.002000s ]
INFO: [ app_end ] --END-- [ RunTime:0.002000s ]

[ 2017-07-08T11:53:42+08:00 ] 127.0.0.1 /wechat.php?s=/Activity/index/p/2
INFO: [ app_begin ] --START--
INFO: Run Behavior\ReadHtmlCacheBehavior [ RunTime:0.002000s ]
INFO: [ app_begin ] --END-- [ RunTime:0.003000s ]
SQL: SHOW COLUMNS FROM `onethink_document` [ RunTime:0.0110s ]
SQL: SELECT COUNT(*) AS tp_count FROM `onethink_document` WHERE (  category_id=41 ) LIMIT 1   [ RunTime:0.0010s ]
SQL: SELECT * FROM `onethink_document` WHERE (  category_id=40 ) LIMIT 2,2   [ RunTime:0.0010s ]
SQL: SHOW COLUMNS FROM `onethink_picture` [ RunTime:0.0190s ]
SQL: SELECT * FROM `onethink_picture` WHERE (  id=4 ) LIMIT 1   [ RunTime:0.0010s ]
INFO: [ app_end ] --START--
INFO: Run Behavior\ShowPageTraceBehavior [ RunTime:0.002000s ]
INFO: [ app_end ] --END-- [ RunTime:0.003000s ]

[ 2017-07-08T11:55:42+08:00 ] 127.0.0.1 /wechat.php?s=/Activity/index/p/2
INFO: [ app_begin ] --START--
INFO: Run Behavior\ReadHtmlCacheBehavior [ RunTime:0.001000s ]
INFO: [ app_begin ] --END-- [ RunTime:0.002000s ]
SQL: SHOW COLUMNS FROM `onethink_document` [ RunTime:0.0210s ]
SQL: SELECT COUNT(*) AS tp_count FROM `onethink_document` WHERE (  category_id=41 ) LIMIT 1   [ RunTime:0.0010s ]
SQL: SELECT * FROM `onethink_document` WHERE (  category_id=40 ) LIMIT 2,2   [ RunTime:0.0010s ]
SQL: SHOW COLUMNS FROM `onethink_picture` [ RunTime:0.0230s ]
SQL: SELECT * FROM `onethink_picture` WHERE (  id=4 ) LIMIT 1   [ RunTime:0.0010s ]
INFO: [ app_end ] --START--
INFO: Run Behavior\ShowPageTraceBehavior [ RunTime:0.004000s ]
INFO: [ app_end ] --END-- [ RunTime:0.004000s ]

[ 2017-07-08T11:57:13+08:00 ] 127.0.0.1 /wechat.php?s=/Activity/index/p/2
INFO: [ app_begin ] --START--
INFO: Run Behavior\ReadHtmlCacheBehavior [ RunTime:0.002000s ]
INFO: [ app_begin ] --END-- [ RunTime:0.002000s ]
SQL: SHOW COLUMNS FROM `onethink_document` [ RunTime:0.0090s ]
SQL: SELECT COUNT(*) AS tp_count FROM `onethink_document` WHERE (  category_id=41 ) LIMIT 1   [ RunTime:0.0000s ]
SQL: SELECT * FROM `onethink_document` WHERE (  category_id=40 ) LIMIT 2,2   [ RunTime:0.0010s ]
SQL: SHOW COLUMNS FROM `onethink_picture` [ RunTime:0.0060s ]
SQL: SELECT * FROM `onethink_picture` WHERE (  id=4 ) LIMIT 1   [ RunTime:0.0000s ]
INFO: [ app_end ] --START--
INFO: Run Behavior\ShowPageTraceBehavior [ RunTime:0.001000s ]
INFO: [ app_end ] --END-- [ RunTime:0.001000s ]

[ 2017-07-08T12:32:44+08:00 ] 127.0.0.1 /wechat.php?s=/Activity/index/p/2
INFO: [ app_begin ] --START--
INFO: Run Behavior\ReadHtmlCacheBehavior [ RunTime:0.002001s ]
INFO: [ app_begin ] --END-- [ RunTime:0.003001s ]
SQL: SHOW COLUMNS FROM `onethink_document` [ RunTime:0.0250s ]
SQL: SELECT COUNT(*) AS tp_count FROM `onethink_document` WHERE (  category_id=41 ) LIMIT 1   [ RunTime:0.0010s ]
SQL: SELECT * FROM `onethink_document` WHERE (  category_id=40 ) LIMIT 2,2   [ RunTime:0.0000s ]
SQL: SHOW COLUMNS FROM `onethink_picture` [ RunTime:0.0180s ]
SQL: SELECT * FROM `onethink_picture` WHERE (  id=4 ) LIMIT 1   [ RunTime:0.0010s ]

[ 2017-07-08T12:34:13+08:00 ] 127.0.0.1 /wechat.php?s=/Activity/index/p/2
INFO: [ app_begin ] --START--
INFO: Run Behavior\ReadHtmlCacheBehavior [ RunTime:0.002000s ]
INFO: [ app_begin ] --END-- [ RunTime:0.003000s ]
SQL: SHOW COLUMNS FROM `onethink_document` [ RunTime:0.0250s ]
SQL: SELECT COUNT(*) AS tp_count FROM `onethink_document` WHERE (  category_id=41 ) LIMIT 1   [ RunTime:0.0000s ]
SQL: SELECT * FROM `onethink_document` WHERE (  category_id=40 ) LIMIT 2,2   [ RunTime:0.0010s ]
SQL: SHOW COLUMNS FROM `onethink_picture` [ RunTime:0.0250s ]
SQL: SELECT * FROM `onethink_picture` WHERE (  id=4 ) LIMIT 1   [ RunTime:0.0010s ]

[ 2017-07-08T12:37:12+08:00 ] 127.0.0.1 /wechat.php?s=/Activity/index/p/2
INFO: [ app_begin ] --START--
INFO: Run Behavior\ReadHtmlCacheBehavior [ RunTime:0.002000s ]
INFO: [ app_begin ] --END-- [ RunTime:0.003000s ]
SQL: SHOW COLUMNS FROM `onethink_document` [ RunTime:0.0240s ]
SQL: SELECT COUNT(*) AS tp_count FROM `onethink_document` WHERE (  category_id=41 ) LIMIT 1   [ RunTime:0.0010s ]
SQL: SELECT * FROM `onethink_document` WHERE (  category_id=40 ) LIMIT 2,2   [ RunTime:0.0000s ]
SQL: SHOW COLUMNS FROM `onethink_picture` [ RunTime:0.0270s ]
SQL: SELECT * FROM `onethink_picture` WHERE (  id=4 ) LIMIT 1   [ RunTime:0.0010s ]

[ 2017-07-08T12:38:16+08:00 ] 127.0.0.1 /wechat.php?s=/Activity/index/p/2
INFO: [ app_begin ] --START--
INFO: Run Behavior\ReadHtmlCacheBehavior [ RunTime:0.002000s ]
INFO: [ app_begin ] --END-- [ RunTime:0.003001s ]
SQL: SHOW COLUMNS FROM `onethink_document` [ RunTime:0.0250s ]
SQL: SELECT COUNT(*) AS tp_count FROM `onethink_document` WHERE (  category_id=41 ) LIMIT 1   [ RunTime:0.0010s ]
SQL: SELECT * FROM `onethink_document` WHERE (  category_id=40 ) LIMIT 2,2   [ RunTime:0.0010s ]
SQL: SHOW COLUMNS FROM `onethink_picture` [ RunTime:0.0290s ]
SQL: SELECT * FROM `onethink_picture` WHERE (  id=4 ) LIMIT 1   [ RunTime:0.0000s ]

[ 2017-07-08T12:38:50+08:00 ] 127.0.0.1 /wechat.php?s=/Activity/index/p/2
INFO: [ app_begin ] --START--
INFO: Run Behavior\ReadHtmlCacheBehavior [ RunTime:0.001000s ]
INFO: [ app_begin ] --END-- [ RunTime:0.002000s ]
SQL: SHOW COLUMNS FROM `onethink_document` [ RunTime:0.0160s ]
SQL: SELECT COUNT(*) AS tp_count FROM `onethink_document` WHERE (  category_id=41 ) LIMIT 1   [ RunTime:0.0010s ]
SQL: SELECT * FROM `onethink_document` WHERE (  category_id=40 ) LIMIT 2,2   [ RunTime:0.0000s ]
SQL: SHOW COLUMNS FROM `onethink_picture` [ RunTime:0.0280s ]
SQL: SELECT * FROM `onethink_picture` WHERE (  id=4 ) LIMIT 1   [ RunTime:0.0000s ]

[ 2017-07-08T12:40:22+08:00 ] 127.0.0.1 /wechat.php?s=/Activity/detail/id/4.html
ERR: 非法操作:detail

[ 2017-07-08T12:40:32+08:00 ] 127.0.0.1 /wechat.php?s=/Activity/index/p/2
INFO: [ app_begin ] --START--
INFO: Run Behavior\ReadHtmlCacheBehavior [ RunTime:0.002000s ]
INFO: [ app_begin ] --END-- [ RunTime:0.002000s ]
SQL: SHOW COLUMNS FROM `onethink_document` [ RunTime:0.0110s ]
SQL: SELECT COUNT(*) AS tp_count FROM `onethink_document` WHERE (  category_id=41 ) LIMIT 1   [ RunTime:0.0010s ]
SQL: SELECT * FROM `onethink_document` WHERE (  category_id=40 ) LIMIT 2,2   [ RunTime:0.0000s ]
SQL: SHOW COLUMNS FROM `onethink_picture` [ RunTime:0.0100s ]
SQL: SELECT * FROM `onethink_picture` WHERE (  id=4 ) LIMIT 1   [ RunTime:0.0000s ]

[ 2017-07-08T12:40:35+08:00 ] 127.0.0.1 /wechat.php?s=/Activity/detail/id/4.html
ERR: 非法操作:detail

[ 2017-07-08T12:40:39+08:00 ] 127.0.0.1 /wechat.php?s=/Activity/index/p/2
INFO: [ app_begin ] --START--
INFO: Run Behavior\ReadHtmlCacheBehavior [ RunTime:0.002000s ]
INFO: [ app_begin ] --END-- [ RunTime:0.002000s ]
SQL: SHOW COLUMNS FROM `onethink_document` [ RunTime:0.0290s ]
SQL: SELECT COUNT(*) AS tp_count FROM `onethink_document` WHERE (  category_id=41 ) LIMIT 1   [ RunTime:0.0000s ]
SQL: SELECT * FROM `onethink_document` WHERE (  category_id=40 ) LIMIT 2,2   [ RunTime:0.0010s ]
SQL: SHOW COLUMNS FROM `onethink_picture` [ RunTime:0.0230s ]
SQL: SELECT * FROM `onethink_picture` WHERE (  id=4 ) LIMIT 1   [ RunTime:0.0010s ]

[ 2017-07-08T12:42:04+08:00 ] 127.0.0.1 /wechat.php?s=/Activity/index/p/2
INFO: [ app_begin ] --START--
INFO: Run Behavior\ReadHtmlCacheBehavior [ RunTime:0.001000s ]
INFO: [ app_begin ] --END-- [ RunTime:0.002000s ]
SQL: SHOW COLUMNS FROM `onethink_document` [ RunTime:0.0290s ]
SQL: SELECT COUNT(*) AS tp_count FROM `onethink_document` WHERE (  category_id=41 ) LIMIT 1   [ RunTime:0.0000s ]
SQL: SELECT * FROM `onethink_document` WHERE (  category_id=40 ) LIMIT 2,2   [ RunTime:0.0010s ]
SQL: SHOW COLUMNS FROM `onethink_picture` [ RunTime:0.0300s ]
SQL: SELECT * FROM `onethink_picture` WHERE (  id=4 ) LIMIT 1   [ RunTime:0.0010s ]

[ 2017-07-08T12:42:08+08:00 ] 127.0.0.1 /wechat.php?s=/Activity/detail/id/4.html
ERR: 非法操作:detail

[ 2017-07-08T12:42:16+08:00 ] 127.0.0.1 /wechat.php?s=/Activity/index/p/2
INFO: [ app_begin ] --START--
INFO: Run Behavior\ReadHtmlCacheBehavior [ RunTime:0.001000s ]
INFO: [ app_begin ] --END-- [ RunTime:0.003000s ]
SQL: SHOW COLUMNS FROM `onethink_document` [ RunTime:0.0130s ]
SQL: SELECT COUNT(*) AS tp_count FROM `onethink_document` WHERE (  category_id=41 ) LIMIT 1   [ RunTime:0.0000s ]
SQL: SELECT * FROM `onethink_document` WHERE (  category_id=40 ) LIMIT 2,2   [ RunTime:0.0000s ]
SQL: SHOW COLUMNS FROM `onethink_picture` [ RunTime:0.0210s ]
SQL: SELECT * FROM `onethink_picture` WHERE (  id=4 ) LIMIT 1   [ RunTime:0.0010s ]

[ 2017-07-08T12:47:42+08:00 ] 127.0.0.1 /wechat.php?s=/Activity/index/p/1
INFO: [ app_begin ] --START--
INFO: Run Behavior\ReadHtmlCacheBehavior [ RunTime:0.002000s ]
INFO: [ app_begin ] --END-- [ RunTime:0.002000s ]
SQL: SHOW COLUMNS FROM `onethink_document` [ RunTime:0.0300s ]
SQL: SELECT COUNT(*) AS tp_count FROM `onethink_document` WHERE (  category_id=41 ) LIMIT 1   [ RunTime:0.0010s ]
SQL: SELECT * FROM `onethink_document` WHERE (  category_id=40 ) LIMIT 0,2   [ RunTime:0.0000s ]
SQL: SHOW COLUMNS FROM `onethink_picture` [ RunTime:0.0290s ]
SQL: SELECT * FROM `onethink_picture` WHERE (  id=7 ) LIMIT 1   [ RunTime:0.0000s ]
SQL: SELECT * FROM `onethink_picture` WHERE (  id=6 ) LIMIT 1   [ RunTime:0.0010s ]

[ 2017-07-08T12:49:04+08:00 ] 127.0.0.1 /wechat.php?s=/Activity/index/p/1
INFO: [ app_begin ] --START--
INFO: Run Behavior\ReadHtmlCacheBehavior [ RunTime:0.003000s ]
INFO: [ app_begin ] --END-- [ RunTime:0.003000s ]
SQL: SHOW COLUMNS FROM `onethink_document` [ RunTime:0.0280s ]
SQL: SELECT COUNT(*) AS tp_count FROM `onethink_document` WHERE (  category_id=41 ) LIMIT 1   [ RunTime:0.0020s ]
SQL: SELECT * FROM `onethink_document` WHERE (  category_id=40 ) LIMIT 0,2   [ RunTime:0.0010s ]
SQL: SHOW COLUMNS FROM `onethink_picture` [ RunTime:0.0270s ]
SQL: SELECT * FROM `onethink_picture` WHERE (  id=7 ) LIMIT 1   [ RunTime:0.0010s ]
SQL: SELECT * FROM `onethink_picture` WHERE (  id=6 ) LIMIT 1   [ RunTime:0.0010s ]

[ 2017-07-08T12:49:50+08:00 ] 127.0.0.1 /wechat.php?s=/Activity/index/p/1
INFO: [ app_begin ] --START--
INFO: Run Behavior\ReadHtmlCacheBehavior [ RunTime:0.002000s ]
INFO: [ app_begin ] --END-- [ RunTime:0.002000s ]
SQL: SHOW COLUMNS FROM `onethink_document` [ RunTime:0.0240s ]
SQL: SELECT COUNT(*) AS tp_count FROM `onethink_document` WHERE (  category_id=41 ) LIMIT 1   [ RunTime:0.0000s ]
SQL: SELECT * FROM `onethink_document` WHERE (  category_id=40 ) LIMIT 0,2   [ RunTime:0.0010s ]
SQL: SHOW COLUMNS FROM `onethink_picture` [ RunTime:0.0120s ]
SQL: SELECT * FROM `onethink_picture` WHERE (  id=7 ) LIMIT 1   [ RunTime:0.0010s ]
SQL: SELECT * FROM `onethink_picture` WHERE (  id=6 ) LIMIT 1   [ RunTime:0.0010s ]

[ 2017-07-08T12:49:52+08:00 ] 127.0.0.1 /wechat.php?s=/Activity/index/p/1
INFO: [ app_begin ] --START--
INFO: Run Behavior\ReadHtmlCacheBehavior [ RunTime:0.001000s ]
INFO: [ app_begin ] --END-- [ RunTime:0.003000s ]
SQL: SHOW COLUMNS FROM `onethink_document` [ RunTime:0.0120s ]
SQL: SELECT COUNT(*) AS tp_count FROM `onethink_document` WHERE (  category_id=41 ) LIMIT 1   [ RunTime:0.0020s ]
SQL: SELECT * FROM `onethink_document` WHERE (  category_id=40 ) LIMIT 0,2   [ RunTime:0.0010s ]
SQL: SHOW COLUMNS FROM `onethink_picture` [ RunTime:0.0090s ]
SQL: SELECT * FROM `onethink_picture` WHERE (  id=7 ) LIMIT 1   [ RunTime:0.0000s ]
SQL: SELECT * FROM `onethink_picture` WHERE (  id=6 ) LIMIT 1   [ RunTime:0.0000s ]

[ 2017-07-08T12:49:53+08:00 ] 127.0.0.1 /wechat.php?s=/Activity/index/p/1
INFO: [ app_begin ] --START--
INFO: Run Behavior\ReadHtmlCacheBehavior [ RunTime:0.002000s ]
INFO: [ app_begin ] --END-- [ RunTime:0.002000s ]
SQL: SHOW COLUMNS FROM `onethink_document` [ RunTime:0.0270s ]
SQL: SELECT COUNT(*) AS tp_count FROM `onethink_document` WHERE (  category_id=41 ) LIMIT 1   [ RunTime:0.0020s ]
SQL: SELECT * FROM `onethink_document` WHERE (  category_id=40 ) LIMIT 0,2   [ RunTime:0.0010s ]
SQL: SHOW COLUMNS FROM `onethink_picture` [ RunTime:0.0270s ]
SQL: SELECT * FROM `onethink_picture` WHERE (  id=7 ) LIMIT 1   [ RunTime:0.0000s ]
SQL: SELECT * FROM `onethink_picture` WHERE (  id=6 ) LIMIT 1   [ RunTime:0.0000s ]

[ 2017-07-08T12:49:54+08:00 ] 127.0.0.1 /wechat.php?s=/Activity/index/p/1
INFO: [ app_begin ] --START--
INFO: Run Behavior\ReadHtmlCacheBehavior [ RunTime:0.002001s ]
INFO: [ app_begin ] --END-- [ RunTime:0.004001s ]
SQL: SHOW COLUMNS FROM `onethink_document` [ RunTime:0.0270s ]
SQL: SELECT COUNT(*) AS tp_count FROM `onethink_document` WHERE (  category_id=41 ) LIMIT 1   [ RunTime:0.0000s ]
SQL: SELECT * FROM `onethink_document` WHERE (  category_id=40 ) LIMIT 0,2   [ RunTime:0.0020s ]
SQL: SHOW COLUMNS FROM `onethink_picture` [ RunTime:0.0240s ]
SQL: SELECT * FROM `onethink_picture` WHERE (  id=7 ) LIMIT 1   [ RunTime:0.0010s ]
SQL: SELECT * FROM `onethink_picture` WHERE (  id=6 ) LIMIT 1   [ RunTime:0.0010s ]

[ 2017-07-08T12:49:55+08:00 ] 127.0.0.1 /wechat.php?s=/Activity/index/p/1
INFO: [ app_begin ] --START--
INFO: Run Behavior\ReadHtmlCacheBehavior [ RunTime:0.002000s ]
INFO: [ app_begin ] --END-- [ RunTime:0.003000s ]
SQL: SHOW COLUMNS FROM `onethink_document` [ RunTime:0.0210s ]
SQL: SELECT COUNT(*) AS tp_count FROM `onethink_document` WHERE (  category_id=41 ) LIMIT 1   [ RunTime:0.0010s ]
SQL: SELECT * FROM `onethink_document` WHERE (  category_id=40 ) LIMIT 0,2   [ RunTime:0.0010s ]
SQL: SHOW COLUMNS FROM `onethink_picture` [ RunTime:0.0240s ]
SQL: SELECT * FROM `onethink_picture` WHERE (  id=7 ) LIMIT 1   [ RunTime:0.0020s ]
SQL: SELECT * FROM `onethink_picture` WHERE (  id=6 ) LIMIT 1   [ RunTime:0.0000s ]

[ 2017-07-08T12:49:56+08:00 ] 127.0.0.1 /wechat.php?s=/Activity/index/p/1
INFO: [ app_begin ] --START--
INFO: Run Behavior\ReadHtmlCacheBehavior [ RunTime:0.002000s ]
INFO: [ app_begin ] --END-- [ RunTime:0.003000s ]
SQL: SHOW COLUMNS FROM `onethink_document` [ RunTime:0.0270s ]
SQL: SELECT COUNT(*) AS tp_count FROM `onethink_document` WHERE (  category_id=41 ) LIMIT 1   [ RunTime:0.0010s ]
SQL: SELECT * FROM `onethink_document` WHERE (  category_id=40 ) LIMIT 0,2   [ RunTime:0.0010s ]
SQL: SHOW COLUMNS FROM `onethink_picture` [ RunTime:0.0250s ]
SQL: SELECT * FROM `onethink_picture` WHERE (  id=7 ) LIMIT 1   [ RunTime:0.0010s ]
SQL: SELECT * FROM `onethink_picture` WHERE (  id=6 ) LIMIT 1   [ RunTime:0.0000s ]

[ 2017-07-08T12:49:57+08:00 ] 127.0.0.1 /wechat.php?s=/Activity/index/p/1
INFO: [ app_begin ] --START--
INFO: Run Behavior\ReadHtmlCacheBehavior [ RunTime:0.002000s ]
INFO: [ app_begin ] --END-- [ RunTime:0.003000s ]
SQL: SHOW COLUMNS FROM `onethink_document` [ RunTime:0.0180s ]
SQL: SELECT COUNT(*) AS tp_count FROM `onethink_document` WHERE (  category_id=41 ) LIMIT 1   [ RunTime:0.0000s ]
SQL: SELECT * FROM `onethink_document` WHERE (  category_id=40 ) LIMIT 0,2   [ RunTime:0.0020s ]
SQL: SHOW COLUMNS FROM `onethink_picture` [ RunTime:0.0280s ]
SQL: SELECT * FROM `onethink_picture` WHERE (  id=7 ) LIMIT 1   [ RunTime:0.0010s ]
SQL: SELECT * FROM `onethink_picture` WHERE (  id=6 ) LIMIT 1   [ RunTime:0.0020s ]

[ 2017-07-08T12:49:59+08:00 ] 127.0.0.1 /wechat.php?s=/Activity/detail/id/2.html
ERR: 非法操作:detail

[ 2017-07-08T12:50:06+08:00 ] 127.0.0.1 /wechat.php?s=/Activity/index/p/1
INFO: [ app_begin ] --START--
INFO: Run Behavior\ReadHtmlCacheBehavior [ RunTime:0.002000s ]
INFO: [ app_begin ] --END-- [ RunTime:0.004000s ]
SQL: SHOW COLUMNS FROM `onethink_document` [ RunTime:0.0110s ]
SQL: SELECT COUNT(*) AS tp_count FROM `onethink_document` WHERE (  category_id=41 ) LIMIT 1   [ RunTime:0.0010s ]
SQL: SELECT * FROM `onethink_document` WHERE (  category_id=40 ) LIMIT 0,2   [ RunTime:0.0000s ]
SQL: SHOW COLUMNS FROM `onethink_picture` [ RunTime:0.0090s ]
SQL: SELECT * FROM `onethink_picture` WHERE (  id=7 ) LIMIT 1   [ RunTime:0.0010s ]
SQL: SELECT * FROM `onethink_picture` WHERE (  id=6 ) LIMIT 1   [ RunTime:0.0000s ]

[ 2017-07-08T12:50:09+08:00 ] 127.0.0.1 /wechat.php?s=/Activity/detail/id/2.html
ERR: 非法操作:detail

[ 2017-07-08T12:50:11+08:00 ] 127.0.0.1 /wechat.php?s=/Activity/index/p/1
INFO: [ app_begin ] --START--
INFO: Run Behavior\ReadHtmlCacheBehavior [ RunTime:0.001000s ]
INFO: [ app_begin ] --END-- [ RunTime:0.034002s ]
SQL: SHOW COLUMNS FROM `onethink_document` [ RunTime:0.0130s ]
SQL: SELECT COUNT(*) AS tp_count FROM `onethink_document` WHERE (  category_id=41 ) LIMIT 1   [ RunTime:0.0000s ]
SQL: SELECT * FROM `onethink_document` WHERE (  category_id=40 ) LIMIT 0,2   [ RunTime:0.0010s ]
SQL: SHOW COLUMNS FROM `onethink_picture` [ RunTime:0.0430s ]
SQL: SELECT * FROM `onethink_picture` WHERE (  id=7 ) LIMIT 1   [ RunTime:0.0070s ]
SQL: SELECT * FROM `onethink_picture` WHERE (  id=6 ) LIMIT 1   [ RunTime:0.0010s ]

[ 2017-07-08T12:50:14+08:00 ] 127.0.0.1 /wechat.php?s=/Activity/detail/id/2.html
ERR: 非法操作:detail

[ 2017-07-08T12:50:16+08:00 ] 127.0.0.1 /wechat.php?s=/Activity/index/p/1
INFO: [ app_begin ] --START--
INFO: Run Behavior\ReadHtmlCacheBehavior [ RunTime:0.001000s ]
INFO: [ app_begin ] --END-- [ RunTime:0.002001s ]
SQL: SHOW COLUMNS FROM `onethink_document` [ RunTime:0.0140s ]
SQL: SELECT COUNT(*) AS tp_count FROM `onethink_document` WHERE (  category_id=41 ) LIMIT 1   [ RunTime:0.0010s ]
SQL: SELECT * FROM `onethink_document` WHERE (  category_id=40 ) LIMIT 0,2   [ RunTime:0.0010s ]
SQL: SHOW COLUMNS FROM `onethink_picture` [ RunTime:0.0090s ]
SQL: SELECT * FROM `onethink_picture` WHERE (  id=7 ) LIMIT 1   [ RunTime:0.0020s ]
SQL: SELECT * FROM `onethink_picture` WHERE (  id=6 ) LIMIT 1   [ RunTime:0.0000s ]

[ 2017-07-08T12:53:17+08:00 ] 127.0.0.1 /wechat.php?s=/Activity/index/p/1
INFO: [ app_begin ] --START--
INFO: Run Behavior\ReadHtmlCacheBehavior [ RunTime:0.003000s ]
INFO: [ app_begin ] --END-- [ RunTime:0.003000s ]
SQL: SHOW COLUMNS FROM `onethink_document` [ RunTime:0.0290s ]
SQL: SELECT COUNT(*) AS tp_count FROM `onethink_document` WHERE (  category_id=41 ) LIMIT 1   [ RunTime:0.0010s ]
SQL: SELECT * FROM `onethink_document` WHERE (  category_id=40 ) LIMIT 0,2   [ RunTime:0.0010s ]
SQL: SHOW COLUMNS FROM `onethink_picture` [ RunTime:0.0290s ]
SQL: SELECT * FROM `onethink_picture` WHERE (  id=7 ) LIMIT 1   [ RunTime:0.0000s ]
SQL: SELECT * FROM `onethink_picture` WHERE (  id=6 ) LIMIT 1   [ RunTime:0.0010s ]

[ 2017-07-08T12:53:20+08:00 ] 127.0.0.1 /wechat.php?s=/Activity/index/p/2
INFO: [ app_begin ] --START--
INFO: Run Behavior\ReadHtmlCacheBehavior [ RunTime:0.002001s ]
INFO: [ app_begin ] --END-- [ RunTime:0.003001s ]
SQL: SHOW COLUMNS FROM `onethink_document` [ RunTime:0.0100s ]
SQL: SELECT COUNT(*) AS tp_count FROM `onethink_document` WHERE (  category_id=41 ) LIMIT 1   [ RunTime:0.0000s ]
SQL: SELECT * FROM `onethink_document` WHERE (  category_id=40 ) LIMIT 2,2   [ RunTime:0.0000s ]
SQL: SHOW COLUMNS FROM `onethink_picture` [ RunTime:0.0090s ]
SQL: SELECT * FROM `onethink_picture` WHERE (  id=4 ) LIMIT 1   [ RunTime:0.0000s ]

[ 2017-07-08T12:56:40+08:00 ] 127.0.0.1 /wechat.php?s=/Activity/index/p/1
INFO: [ app_begin ] --START--
INFO: Run Behavior\ReadHtmlCacheBehavior [ RunTime:0.001000s ]
INFO: [ app_begin ] --END-- [ RunTime:0.002000s ]
SQL: SHOW COLUMNS FROM `onethink_document` [ RunTime:0.0240s ]
SQL: SELECT COUNT(*) AS tp_count FROM `onethink_document` WHERE (  category_id=41 ) LIMIT 1   [ RunTime:0.0010s ]
SQL: SELECT * FROM `onethink_document` WHERE (  category_id=40 ) LIMIT 0,2   [ RunTime:0.0010s ]
SQL: SHOW COLUMNS FROM `onethink_picture` [ RunTime:0.0300s ]
SQL: SELECT * FROM `onethink_picture` WHERE (  id=7 ) LIMIT 1   [ RunTime:0.0010s ]
SQL: SELECT * FROM `onethink_picture` WHERE (  id=6 ) LIMIT 1   [ RunTime:0.0010s ]

[ 2017-07-08T12:56:42+08:00 ] 127.0.0.1 /wechat.php?s=/Activity/index/p/2
INFO: [ app_begin ] --START--
INFO: Run Behavior\ReadHtmlCacheBehavior [ RunTime:0.001000s ]
INFO: [ app_begin ] --END-- [ RunTime:0.002000s ]
SQL: SHOW COLUMNS FROM `onethink_document` [ RunTime:0.0210s ]
SQL: SELECT COUNT(*) AS tp_count FROM `onethink_document` WHERE (  category_id=41 ) LIMIT 1   [ RunTime:0.0010s ]
SQL: SELECT * FROM `onethink_document` WHERE (  category_id=40 ) LIMIT 2,2   [ RunTime:0.0010s ]
SQL: SHOW COLUMNS FROM `onethink_picture` [ RunTime:0.0260s ]
SQL: SELECT * FROM `onethink_picture` WHERE (  id=4 ) LIMIT 1   [ RunTime:0.0010s ]

[ 2017-07-08T12:56:50+08:00 ] 127.0.0.1 /wechat.php?s=/Activity/index/p/3
INFO: [ app_begin ] --START--
INFO: Run Behavior\ReadHtmlCacheBehavior [ RunTime:0.001000s ]
INFO: [ app_begin ] --END-- [ RunTime:0.002000s ]
SQL: SHOW COLUMNS FROM `onethink_document` [ RunTime:0.0270s ]
SQL: SELECT COUNT(*) AS tp_count FROM `onethink_document` WHERE (  category_id=41 ) LIMIT 1   [ RunTime:0.0010s ]
SQL: SELECT * FROM `onethink_document` WHERE (  category_id=40 ) LIMIT 4,2   [ RunTime:0.0010s ]

[ 2017-07-08T12:56:50+08:00 ] 127.0.0.1 /wechat.php?s=/Activity/index/p/4
INFO: [ app_begin ] --START--
INFO: Run Behavior\ReadHtmlCacheBehavior [ RunTime:0.001000s ]
INFO: [ app_begin ] --END-- [ RunTime:0.003000s ]
SQL: SHOW COLUMNS FROM `onethink_document` [ RunTime:0.0210s ]
SQL: SELECT COUNT(*) AS tp_count FROM `onethink_document` WHERE (  category_id=41 ) LIMIT 1   [ RunTime:0.0020s ]
SQL: SELECT * FROM `onethink_document` WHERE (  category_id=40 ) LIMIT 6,2   [ RunTime:0.0010s ]

[ 2017-07-08T12:56:50+08:00 ] 127.0.0.1 /wechat.php?s=/Activity/index/p/5
INFO: [ app_begin ] --START--
INFO: Run Behavior\ReadHtmlCacheBehavior [ RunTime:0.001000s ]
INFO: [ app_begin ] --END-- [ RunTime:0.002000s ]
SQL: SHOW COLUMNS FROM `onethink_document` [ RunTime:0.0220s ]
SQL: SELECT COUNT(*) AS tp_count FROM `onethink_document` WHERE (  category_id=41 ) LIMIT 1   [ RunTime:0.0010s ]
SQL: SELECT * FROM `onethink_document` WHERE (  category_id=40 ) LIMIT 8,2   [ RunTime:0.0010s ]

[ 2017-07-08T12:57:54+08:00 ] 127.0.0.1 /wechat.php?s=/Activity/index/p/1
INFO: [ app_begin ] --START--
INFO: Run Behavior\ReadHtmlCacheBehavior [ RunTime:0.001000s ]
INFO: [ app_begin ] --END-- [ RunTime:0.002000s ]
SQL: SHOW COLUMNS FROM `onethink_document` [ RunTime:0.0320s ]
SQL: SELECT COUNT(*) AS tp_count FROM `onethink_document` WHERE (  category_id=41 ) LIMIT 1   [ RunTime:0.0010s ]
SQL: SELECT * FROM `onethink_document` WHERE (  category_id=40 ) AND (  status=1 ) LIMIT 0,2   [ RunTime:0.0010s ]
SQL: SHOW COLUMNS FROM `onethink_picture` [ RunTime:0.0230s ]
SQL: SELECT * FROM `onethink_picture` WHERE (  id=7 ) LIMIT 1   [ RunTime:0.0000s ]
SQL: SELECT * FROM `onethink_picture` WHERE (  id=6 ) LIMIT 1   [ RunTime:0.0000s ]

[ 2017-07-08T12:57:56+08:00 ] 127.0.0.1 /wechat.php?s=/Activity/index/p/2
INFO: [ app_begin ] --START--
INFO: Run Behavior\ReadHtmlCacheBehavior [ RunTime:0.001000s ]
INFO: [ app_begin ] --END-- [ RunTime:0.002000s ]
SQL: SHOW COLUMNS FROM `onethink_document` [ RunTime:0.0250s ]
SQL: SELECT COUNT(*) AS tp_count FROM `onethink_document` WHERE (  category_id=41 ) LIMIT 1   [ RunTime:0.0000s ]
SQL: SELECT * FROM `onethink_document` WHERE (  category_id=40 ) AND (  status=1 ) LIMIT 2,2   [ RunTime:0.0020s ]
SQL: SHOW COLUMNS FROM `onethink_picture` [ RunTime:0.0270s ]
SQL: SELECT * FROM `onethink_picture` WHERE (  id=4 ) LIMIT 1   [ RunTime:0.0010s ]

[ 2017-07-08T12:57:59+08:00 ] 127.0.0.1 /wechat.php?s=/Activity/index/p/3
INFO: [ app_begin ] --START--
INFO: Run Behavior\ReadHtmlCacheBehavior [ RunTime:0.002000s ]
INFO: [ app_begin ] --END-- [ RunTime:0.003000s ]
SQL: SHOW COLUMNS FROM `onethink_document` [ RunTime:0.0240s ]
SQL: SELECT COUNT(*) AS tp_count FROM `onethink_document` WHERE (  category_id=41 ) LIMIT 1   [ RunTime:0.0010s ]
SQL: SELECT * FROM `onethink_document` WHERE (  category_id=40 ) AND (  status=1 ) LIMIT 4,2   [ RunTime:0.0000s ]

[ 2017-07-08T12:58:08+08:00 ] 127.0.0.1 /wechat.php?s=/Activity/index/p/1
INFO: [ app_begin ] --START--
INFO: Run Behavior\ReadHtmlCacheBehavior [ RunTime:0.002000s ]
INFO: [ app_begin ] --END-- [ RunTime:0.003000s ]
SQL: SHOW COLUMNS FROM `onethink_document` [ RunTime:0.0260s ]
SQL: SELECT COUNT(*) AS tp_count FROM `onethink_document` WHERE (  category_id=41 ) LIMIT 1   [ RunTime:0.0010s ]
SQL: SELECT * FROM `onethink_document` WHERE (  category_id=40 ) AND (  status=1 ) LIMIT 0,2   [ RunTime:0.0010s ]
SQL: SHOW COLUMNS FROM `onethink_picture` [ RunTime:0.0230s ]
SQL: SELECT * FROM `onethink_picture` WHERE (  id=7 ) LIMIT 1   [ RunTime:0.0020s ]
SQL: SELECT * FROM `onethink_picture` WHERE (  id=6 ) LIMIT 1   [ RunTime:0.0010s ]

[ 2017-07-08T12:58:11+08:00 ] 127.0.0.1 /wechat.php?s=/Activity/index/p/2
INFO: [ app_begin ] --START--
INFO: Run Behavior\ReadHtmlCacheBehavior [ RunTime:0.002001s ]
INFO: [ app_begin ] --END-- [ RunTime:0.003001s ]
SQL: SHOW COLUMNS FROM `onethink_document` [ RunTime:0.0260s ]
SQL: SELECT COUNT(*) AS tp_count FROM `onethink_document` WHERE (  category_id=41 ) LIMIT 1   [ RunTime:0.0000s ]
SQL: SELECT * FROM `onethink_document` WHERE (  category_id=40 ) AND (  status=1 ) LIMIT 2,2   [ RunTime:0.0010s ]
SQL: SHOW COLUMNS FROM `onethink_picture` [ RunTime:0.0200s ]
SQL: SELECT * FROM `onethink_picture` WHERE (  id=4 ) LIMIT 1   [ RunTime:0.0000s ]

[ 2017-07-08T12:58:13+08:00 ] 127.0.0.1 /wechat.php?s=/Activity/detail/id/4.html
ERR: 非法操作:detail

[ 2017-07-08T12:58:16+08:00 ] 127.0.0.1 /wechat.php?s=/Activity/index/p/1
INFO: [ app_begin ] --START--
INFO: Run Behavior\ReadHtmlCacheBehavior [ RunTime:0.001000s ]
INFO: [ app_begin ] --END-- [ RunTime:0.002000s ]
SQL: SHOW COLUMNS FROM `onethink_document` [ RunTime:0.0190s ]
SQL: SELECT COUNT(*) AS tp_count FROM `onethink_document` WHERE (  category_id=41 ) LIMIT 1   [ RunTime:0.0010s ]
SQL: SELECT * FROM `onethink_document` WHERE (  category_id=40 ) AND (  status=1 ) LIMIT 0,2   [ RunTime:0.0020s ]
SQL: SHOW COLUMNS FROM `onethink_picture` [ RunTime:0.0150s ]
SQL: SELECT * FROM `onethink_picture` WHERE (  id=7 ) LIMIT 1   [ RunTime:0.0010s ]
SQL: SELECT * FROM `onethink_picture` WHERE (  id=6 ) LIMIT 1   [ RunTime:0.0030s ]

[ 2017-07-08T12:58:22+08:00 ] 127.0.0.1 /wechat.php?s=/Activity/index/p/2
INFO: [ app_begin ] --START--
INFO: Run Behavior\ReadHtmlCacheBehavior [ RunTime:0.001000s ]
INFO: [ app_begin ] --END-- [ RunTime:0.002000s ]
SQL: SHOW COLUMNS FROM `onethink_document` [ RunTime:0.0220s ]
SQL: SELECT COUNT(*) AS tp_count FROM `onethink_document` WHERE (  category_id=41 ) LIMIT 1   [ RunTime:0.0010s ]
SQL: SELECT * FROM `onethink_document` WHERE (  category_id=40 ) AND (  status=1 ) LIMIT 2,2   [ RunTime:0.0020s ]
SQL: SHOW COLUMNS FROM `onethink_picture` [ RunTime:0.0130s ]
SQL: SELECT * FROM `onethink_picture` WHERE (  id=4 ) LIMIT 1   [ RunTime:0.0040s ]

[ 2017-07-08T13:00:32+08:00 ] 127.0.0.1 /wechat.php?s=/Activity/index/p/1
INFO: [ app_begin ] --START--
INFO: Run Behavior\ReadHtmlCacheBehavior [ RunTime:0.001000s ]
INFO: [ app_begin ] --END-- [ RunTime:0.002000s ]
SQL: SHOW COLUMNS FROM `onethink_document` [ RunTime:0.0300s ]
SQL: SELECT COUNT(*) AS tp_count FROM `onethink_document` WHERE (  category_id=41 ) LIMIT 1   [ RunTime:0.0000s ]
SQL: SELECT * FROM `onethink_document` WHERE (  category_id=40 ) AND (  status=1 ) LIMIT 0,2   [ RunTime:0.0010s ]
SQL: SHOW COLUMNS FROM `onethink_picture` [ RunTime:0.0250s ]
SQL: SELECT * FROM `onethink_picture` WHERE (  id=7 ) LIMIT 1   [ RunTime:0.0000s ]
SQL: SELECT * FROM `onethink_picture` WHERE (  id=6 ) LIMIT 1   [ RunTime:0.0000s ]

[ 2017-07-08T13:03:19+08:00 ] 127.0.0.1 /wechat.php?s=/Activity/index/p/1
INFO: [ app_begin ] --START--
INFO: Run Behavior\ReadHtmlCacheBehavior [ RunTime:0.002000s ]
INFO: [ app_begin ] --END-- [ RunTime:0.003000s ]
SQL: SHOW COLUMNS FROM `onethink_document` [ RunTime:0.0290s ]
SQL: SELECT COUNT(*) AS tp_count FROM `onethink_document` WHERE (  category_id=41 ) LIMIT 1   [ RunTime:0.0000s ]
SQL: SELECT * FROM `onethink_document` WHERE (  category_id=40 ) AND (  status=1 ) LIMIT 0,2   [ RunTime:0.0010s ]
SQL: SHOW COLUMNS FROM `onethink_picture` [ RunTime:0.0300s ]
SQL: SELECT * FROM `onethink_picture` WHERE (  id=7 ) LIMIT 1   [ RunTime:0.0010s ]
SQL: SELECT * FROM `onethink_picture` WHERE (  id=6 ) LIMIT 1   [ RunTime:0.0010s ]

[ 2017-07-08T13:03:22+08:00 ] 127.0.0.1 /wechat.php?s=/Activity/index/p/2
INFO: [ app_begin ] --START--
INFO: Run Behavior\ReadHtmlCacheBehavior [ RunTime:0.001000s ]
INFO: [ app_begin ] --END-- [ RunTime:0.002000s ]
SQL: SHOW COLUMNS FROM `onethink_document` [ RunTime:0.0430s ]
SQL: SELECT COUNT(*) AS tp_count FROM `onethink_document` WHERE (  category_id=41 ) LIMIT 1   [ RunTime:0.0000s ]
SQL: SELECT * FROM `onethink_document` WHERE (  category_id=40 ) AND (  status=1 ) LIMIT 2,2   [ RunTime:0.0010s ]
SQL: SHOW COLUMNS FROM `onethink_picture` [ RunTime:0.0270s ]
SQL: SELECT * FROM `onethink_picture` WHERE (  id=4 ) LIMIT 1   [ RunTime:0.0010s ]

[ 2017-07-08T13:03:51+08:00 ] 127.0.0.1 /wechat.php?s=/Activity/index/p/1
INFO: [ app_begin ] --START--
INFO: Run Behavior\ReadHtmlCacheBehavior [ RunTime:0.002000s ]
INFO: [ app_begin ] --END-- [ RunTime:0.003000s ]
SQL: SHOW COLUMNS FROM `onethink_document` [ RunTime:0.0210s ]
SQL: SELECT COUNT(*) AS tp_count FROM `onethink_document` WHERE (  category_id=41 ) LIMIT 1   [ RunTime:0.0010s ]
SQL: SELECT * FROM `onethink_document` WHERE (  category_id=40 ) AND (  status=1 ) LIMIT 0,2   [ RunTime:0.0010s ]
SQL: SHOW COLUMNS FROM `onethink_picture` [ RunTime:0.0290s ]
SQL: SELECT * FROM `onethink_picture` WHERE (  id=7 ) LIMIT 1   [ RunTime:0.0000s ]
SQL: SELECT * FROM `onethink_picture` WHERE (  id=6 ) LIMIT 1   [ RunTime:0.0010s ]

[ 2017-07-08T13:03:53+08:00 ] 127.0.0.1 /wechat.php?s=/Activity/index/p/2
INFO: [ app_begin ] --START--
INFO: Run Behavior\ReadHtmlCacheBehavior [ RunTime:0.001000s ]
INFO: [ app_begin ] --END-- [ RunTime:0.002000s ]
SQL: SHOW COLUMNS FROM `onethink_document` [ RunTime:0.0240s ]
SQL: SELECT COUNT(*) AS tp_count FROM `onethink_document` WHERE (  category_id=41 ) LIMIT 1   [ RunTime:0.0000s ]
SQL: SELECT * FROM `onethink_document` WHERE (  category_id=40 ) AND (  status=1 ) LIMIT 2,2   [ RunTime:0.0010s ]
SQL: SHOW COLUMNS FROM `onethink_picture` [ RunTime:0.0280s ]
SQL: SELECT * FROM `onethink_picture` WHERE (  id=4 ) LIMIT 1   [ RunTime:0.0000s ]

[ 2017-07-08T13:03:55+08:00 ] 127.0.0.1 /wechat.php?s=/Activity/index/p/3
INFO: [ app_begin ] --START--
INFO: Run Behavior\ReadHtmlCacheBehavior [ RunTime:0.001000s ]
INFO: [ app_begin ] --END-- [ RunTime:0.002000s ]
SQL: SHOW COLUMNS FROM `onethink_document` [ RunTime:0.0110s ]
SQL: SELECT COUNT(*) AS tp_count FROM `onethink_document` WHERE (  category_id=41 ) LIMIT 1   [ RunTime:0.0010s ]
SQL: SELECT * FROM `onethink_document` WHERE (  category_id=40 ) AND (  status=1 ) LIMIT 4,2   [ RunTime:0.0010s ]

[ 2017-07-08T13:04:03+08:00 ] 127.0.0.1 /wechat.php?s=/Activity/index/p/1
INFO: [ app_begin ] --START--
INFO: Run Behavior\ReadHtmlCacheBehavior [ RunTime:0.001000s ]
INFO: [ app_begin ] --END-- [ RunTime:0.002000s ]
SQL: SHOW COLUMNS FROM `onethink_document` [ RunTime:0.0250s ]
SQL: SELECT COUNT(*) AS tp_count FROM `onethink_document` WHERE (  category_id=41 ) LIMIT 1   [ RunTime:0.0010s ]
SQL: SELECT * FROM `onethink_document` WHERE (  category_id=40 ) AND (  status=1 ) LIMIT 0,2   [ RunTime:0.0010s ]
SQL: SHOW COLUMNS FROM `onethink_picture` [ RunTime:0.0180s ]
SQL: SELECT * FROM `onethink_picture` WHERE (  id=7 ) LIMIT 1   [ RunTime:0.0010s ]
SQL: SELECT * FROM `onethink_picture` WHERE (  id=6 ) LIMIT 1   [ RunTime:0.0000s ]

[ 2017-07-08T13:04:05+08:00 ] 127.0.0.1 /wechat.php?s=/Activity/index/p/2
INFO: [ app_begin ] --START--
INFO: Run Behavior\ReadHtmlCacheBehavior [ RunTime:0.001000s ]
INFO: [ app_begin ] --END-- [ RunTime:0.002000s ]
SQL: SHOW COLUMNS FROM `onethink_document` [ RunTime:0.0210s ]
SQL: SELECT COUNT(*) AS tp_count FROM `onethink_document` WHERE (  category_id=41 ) LIMIT 1   [ RunTime:0.0000s ]
SQL: SELECT * FROM `onethink_document` WHERE (  category_id=40 ) AND (  status=1 ) LIMIT 2,2   [ RunTime:0.0010s ]
SQL: SHOW COLUMNS FROM `onethink_picture` [ RunTime:0.0260s ]
SQL: SELECT * FROM `onethink_picture` WHERE (  id=4 ) LIMIT 1   [ RunTime:0.0000s ]

[ 2017-07-08T13:14:57+08:00 ] 127.0.0.1 /wechat.php?s=/Activity/detail/id/2.html
ERR: 非法操作:detail

[ 2017-07-08T13:16:12+08:00 ] 127.0.0.1 /wechat.php?s=/Activity/index/p/1
INFO: [ app_begin ] --START--
INFO: Run Behavior\ReadHtmlCacheBehavior [ RunTime:0.001000s ]
INFO: [ app_begin ] --END-- [ RunTime:0.002000s ]
SQL: SHOW COLUMNS FROM `onethink_document` [ RunTime:0.0180s ]
SQL: SELECT COUNT(*) AS tp_count FROM `onethink_document` WHERE (  category_id=41 ) LIMIT 1   [ RunTime:0.0010s ]
SQL: SELECT * FROM `onethink_document` WHERE (  category_id=40 ) AND (  status=1 ) LIMIT 0,2   [ RunTime:0.0020s ]
SQL: SHOW COLUMNS FROM `onethink_picture` [ RunTime:0.0120s ]
SQL: SELECT * FROM `onethink_picture` WHERE (  id=7 ) LIMIT 1   [ RunTime:0.0000s ]
SQL: SELECT * FROM `onethink_picture` WHERE (  id=6 ) LIMIT 1   [ RunTime:0.0000s ]

[ 2017-07-08T13:16:12+08:00 ] 127.0.0.1 /wechat.php?s=/Activity/index/p/1
INFO: [ app_begin ] --START--
INFO: Run Behavior\ReadHtmlCacheBehavior [ RunTime:0.001000s ]
INFO: [ app_begin ] --END-- [ RunTime:0.002000s ]
SQL: SHOW COLUMNS FROM `onethink_document` [ RunTime:0.0330s ]
SQL: SELECT COUNT(*) AS tp_count FROM `onethink_document` WHERE (  category_id=41 ) LIMIT 1   [ RunTime:0.0000s ]
SQL: SELECT * FROM `onethink_document` WHERE (  category_id=40 ) AND (  status=1 ) LIMIT 0,2   [ RunTime:0.0010s ]
SQL: SHOW COLUMNS FROM `onethink_picture` [ RunTime:0.0270s ]
SQL: SELECT * FROM `onethink_picture` WHERE (  id=7 ) LIMIT 1   [ RunTime:0.0010s ]
SQL: SELECT * FROM `onethink_picture` WHERE (  id=6 ) LIMIT 1   [ RunTime:0.0010s ]

[ 2017-07-08T13:16:16+08:00 ] 127.0.0.1 /wechat.php?s=/Activity/index/p/1
INFO: [ app_begin ] --START--
INFO: Run Behavior\ReadHtmlCacheBehavior [ RunTime:0.003000s ]
INFO: [ app_begin ] --END-- [ RunTime:0.004000s ]
SQL: SHOW COLUMNS FROM `onethink_document` [ RunTime:0.0150s ]
SQL: SELECT COUNT(*) AS tp_count FROM `onethink_document` WHERE (  category_id=41 ) LIMIT 1   [ RunTime:0.0050s ]
SQL: SELECT * FROM `onethink_document` WHERE (  category_id=40 ) AND (  status=1 ) LIMIT 0,2   [ RunTime:0.0060s ]
SQL: SHOW COLUMNS FROM `onethink_picture` [ RunTime:0.0130s ]
SQL: SELECT * FROM `onethink_picture` WHERE (  id=7 ) LIMIT 1   [ RunTime:0.0020s ]
SQL: SELECT * FROM `onethink_picture` WHERE (  id=6 ) LIMIT 1   [ RunTime:0.0010s ]

[ 2017-07-08T13:16:21+08:00 ] 127.0.0.1 /wechat.php?s=/Activity/index/p/1
INFO: [ app_begin ] --START--
INFO: Run Behavior\ReadHtmlCacheBehavior [ RunTime:0.006001s ]
INFO: [ app_begin ] --END-- [ RunTime:0.007001s ]
SQL: SHOW COLUMNS FROM `onethink_document` [ RunTime:0.0190s ]
SQL: SELECT COUNT(*) AS tp_count FROM `onethink_document` WHERE (  category_id=41 ) LIMIT 1   [ RunTime:0.0000s ]
SQL: SELECT * FROM `onethink_document` WHERE (  category_id=40 ) AND (  status=1 ) LIMIT 0,2   [ RunTime:0.0020s ]
SQL: SHOW COLUMNS FROM `onethink_picture` [ RunTime:0.0100s ]
SQL: SELECT * FROM `onethink_picture` WHERE (  id=7 ) LIMIT 1   [ RunTime:0.0010s ]
SQL: SELECT * FROM `onethink_picture` WHERE (  id=6 ) LIMIT 1   [ RunTime:0.0000s ]

[ 2017-07-08T13:17:11+08:00 ] 127.0.0.1 /wechat.php?s=/Activity/index/p/1
INFO: [ app_begin ] --START--
INFO: Run Behavior\ReadHtmlCacheBehavior [ RunTime:0.002000s ]
INFO: [ app_begin ] --END-- [ RunTime:0.002000s ]
SQL: SHOW COLUMNS FROM `onethink_document` [ RunTime:0.0150s ]
SQL: SELECT COUNT(*) AS tp_count FROM `onethink_document` WHERE (  category_id=41 ) LIMIT 1   [ RunTime:0.0010s ]
SQL: SELECT * FROM `onethink_document` WHERE (  category_id=41 ) AND (  status=1 ) LIMIT 0,2   [ RunTime:0.0020s ]
SQL: SHOW COLUMNS FROM `onethink_picture` [ RunTime:0.0300s ]
SQL: SELECT * FROM `onethink_picture` WHERE (  id=7 ) LIMIT 1   [ RunTime:0.0000s ]
SQL: SELECT * FROM `onethink_picture` WHERE (  id=6 ) LIMIT 1   [ RunTime:0.0000s ]

[ 2017-07-08T13:17:15+08:00 ] 127.0.0.1 /wechat.php?s=/Activity/index/p/2
INFO: [ app_begin ] --START--
INFO: Run Behavior\ReadHtmlCacheBehavior [ RunTime:0.001000s ]
INFO: [ app_begin ] --END-- [ RunTime:0.003000s ]
SQL: SHOW COLUMNS FROM `onethink_document` [ RunTime:0.0260s ]
SQL: SELECT COUNT(*) AS tp_count FROM `onethink_document` WHERE (  category_id=41 ) LIMIT 1   [ RunTime:0.0010s ]
SQL: SELECT * FROM `onethink_document` WHERE (  category_id=41 ) AND (  status=1 ) LIMIT 2,2   [ RunTime:0.0010s ]
SQL: SHOW COLUMNS FROM `onethink_picture` [ RunTime:0.0300s ]
SQL: SELECT * FROM `onethink_picture` WHERE (  id=7 ) LIMIT 1   [ RunTime:0.0000s ]

[ 2017-07-08T13:17:19+08:00 ] 127.0.0.1 /wechat.php?s=/Activity/index/p/1
INFO: [ app_begin ] --START--
INFO: Run Behavior\ReadHtmlCacheBehavior [ RunTime:0.001000s ]
INFO: [ app_begin ] --END-- [ RunTime:0.003000s ]
SQL: SHOW COLUMNS FROM `onethink_document` [ RunTime:0.0170s ]
SQL: SELECT COUNT(*) AS tp_count FROM `onethink_document` WHERE (  category_id=41 ) LIMIT 1   [ RunTime:0.0000s ]
SQL: SELECT * FROM `onethink_document` WHERE (  category_id=41 ) AND (  status=1 ) LIMIT 0,2   [ RunTime:0.0020s ]
SQL: SHOW COLUMNS FROM `onethink_picture` [ RunTime:0.0270s ]
SQL: SELECT * FROM `onethink_picture` WHERE (  id=7 ) LIMIT 1   [ RunTime:0.0010s ]
SQL: SELECT * FROM `onethink_picture` WHERE (  id=6 ) LIMIT 1   [ RunTime:0.0010s ]

[ 2017-07-08T13:20:45+08:00 ] 127.0.0.1 /wechat.php?s=/Activity/index/p/1
INFO: [ app_begin ] --START--
INFO: Run Behavior\ReadHtmlCacheBehavior [ RunTime:0.002000s ]
INFO: [ app_begin ] --END-- [ RunTime:0.003000s ]
SQL: SHOW COLUMNS FROM `onethink_document` [ RunTime:0.0290s ]
SQL: SELECT COUNT(*) AS tp_count FROM `onethink_document` WHERE (  category_id=41 ) LIMIT 1   [ RunTime:0.0010s ]
SQL: SELECT * FROM `onethink_document` WHERE (  category_id=41 ) AND (  status=1 ) LIMIT 0,2   [ RunTime:0.0010s ]
SQL: SHOW COLUMNS FROM `onethink_picture` [ RunTime:0.0180s ]
SQL: SELECT * FROM `onethink_picture` WHERE (  id=7 ) LIMIT 1   [ RunTime:0.0010s ]
SQL: SELECT * FROM `onethink_picture` WHERE (  id=6 ) LIMIT 1   [ RunTime:0.0000s ]

[ 2017-07-08T13:20:57+08:00 ] 127.0.0.1 /wechat.php?s=/Activity/index/p/1
INFO: [ app_begin ] --START--
INFO: Run Behavior\ReadHtmlCacheBehavior [ RunTime:0.001000s ]
INFO: [ app_begin ] --END-- [ RunTime:0.003000s ]
SQL: SHOW COLUMNS FROM `onethink_document` [ RunTime:0.0270s ]
SQL: SELECT COUNT(*) AS tp_count FROM `onethink_document` WHERE (  category_id=41 ) LIMIT 1   [ RunTime:0.0000s ]
SQL: SELECT * FROM `onethink_document` WHERE (  category_id=41 ) AND (  status=1 ) LIMIT 0,2   [ RunTime:0.0000s ]
SQL: SHOW COLUMNS FROM `onethink_picture` [ RunTime:0.0150s ]
SQL: SELECT * FROM `onethink_picture` WHERE (  id=7 ) LIMIT 1   [ RunTime:0.0010s ]
SQL: SELECT * FROM `onethink_picture` WHERE (  id=6 ) LIMIT 1   [ RunTime:0.0010s ]

[ 2017-07-08T13:24:54+08:00 ] 127.0.0.1 /wechat.php?s=/Activity/index/p/1
INFO: [ app_begin ] --START--
INFO: Run Behavior\ReadHtmlCacheBehavior [ RunTime:0.001000s ]
INFO: [ app_begin ] --END-- [ RunTime:0.002000s ]
SQL: SHOW COLUMNS FROM `onethink_document` [ RunTime:0.0270s ]
SQL: SELECT COUNT(*) AS tp_count FROM `onethink_document` WHERE (  category_id=41 ) LIMIT 1   [ RunTime:0.0000s ]
SQL: SELECT * FROM `onethink_document` WHERE (  category_id=41 ) AND (  status=1 ) LIMIT 0,2   [ RunTime:0.0030s ]
SQL: SHOW COLUMNS FROM `onethink_picture` [ RunTime:0.0250s ]
SQL: SELECT * FROM `onethink_picture` WHERE (  id=7 ) LIMIT 1   [ RunTime:0.0010s ]
SQL: SELECT * FROM `onethink_picture` WHERE (  id=6 ) LIMIT 1   [ RunTime:0.0010s ]

[ 2017-07-08T13:24:58+08:00 ] 127.0.0.1 /wechat.php?s=/Activity/index/p/1
INFO: [ app_begin ] --START--
INFO: Run Behavior\ReadHtmlCacheBehavior [ RunTime:0.001000s ]
INFO: [ app_begin ] --END-- [ RunTime:0.002000s ]
SQL: SHOW COLUMNS FROM `onethink_document` [ RunTime:0.0120s ]
SQL: SELECT COUNT(*) AS tp_count FROM `onethink_document` WHERE (  category_id=41 ) LIMIT 1   [ RunTime:0.0010s ]
SQL: SELECT * FROM `onethink_document` WHERE (  category_id=41 ) AND (  status=1 ) LIMIT 0,2   [ RunTime:0.0010s ]
SQL: SHOW COLUMNS FROM `onethink_picture` [ RunTime:0.0160s ]
SQL: SELECT * FROM `onethink_picture` WHERE (  id=7 ) LIMIT 1   [ RunTime:0.0020s ]
SQL: SELECT * FROM `onethink_picture` WHERE (  id=6 ) LIMIT 1   [ RunTime:0.0010s ]

[ 2017-07-08T14:08:16+08:00 ] 127.0.0.1 /wechat.php?s=/Shop/index/p/1
INFO: [ app_begin ] --START--
INFO: Run Behavior\ReadHtmlCacheBehavior [ RunTime:0.002000s ]
INFO: [ app_begin ] --END-- [ RunTime:0.002000s ]
SQL: SHOW COLUMNS FROM `onethink_document` [ RunTime:0.0270s ]
SQL: SELECT COUNT(*) AS tp_count FROM `onethink_document` WHERE (  category_id=43 ) LIMIT 1   [ RunTime:0.0020s ]
SQL: SELECT * FROM `onethink_document` WHERE (  category_id=43 ) AND (  status=1 ) LIMIT 0,2   [ RunTime:0.0010s ]
SQL: SHOW COLUMNS FROM `onethink_picture` [ RunTime:0.0110s ]
SQL: SELECT * FROM `onethink_picture` WHERE (  id=7 ) LIMIT 1   [ RunTime:0.0010s ]
SQL: SELECT * FROM `onethink_picture` WHERE (  id=7 ) LIMIT 1   [ RunTime:0.0010s ]

[ 2017-07-08T14:08:18+08:00 ] 127.0.0.1 /wechat.php?s=/Shop/index/p/2
INFO: [ app_begin ] --START--
INFO: Run Behavior\ReadHtmlCacheBehavior [ RunTime:0.001000s ]
INFO: [ app_begin ] --END-- [ RunTime:0.002000s ]
SQL: SHOW COLUMNS FROM `onethink_document` [ RunTime:0.0310s ]
SQL: SELECT COUNT(*) AS tp_count FROM `onethink_document` WHERE (  category_id=43 ) LIMIT 1   [ RunTime:0.0010s ]
SQL: SELECT * FROM `onethink_document` WHERE (  category_id=43 ) AND (  status=1 ) LIMIT 2,2   [ RunTime:0.0010s ]
SQL: SHOW COLUMNS FROM `onethink_picture` [ RunTime:0.0270s ]
SQL: SELECT * FROM `onethink_picture` WHERE (  id=6 ) LIMIT 1   [ RunTime:0.0010s ]

[ 2017-07-08T14:08:27+08:00 ] 127.0.0.1 /wechat.php?s=/Shop/index/p/1
INFO: [ app_begin ] --START--
INFO: Run Behavior\ReadHtmlCacheBehavior [ RunTime:0.004000s ]
INFO: [ app_begin ] --END-- [ RunTime:0.005000s ]
SQL: SHOW COLUMNS FROM `onethink_document` [ RunTime:0.0110s ]
SQL: SELECT COUNT(*) AS tp_count FROM `onethink_document` WHERE (  category_id=43 ) LIMIT 1   [ RunTime:0.0020s ]
SQL: SELECT * FROM `onethink_document` WHERE (  category_id=43 ) AND (  status=1 ) LIMIT 0,2   [ RunTime:0.0010s ]
SQL: SHOW COLUMNS FROM `onethink_picture` [ RunTime:0.0090s ]
SQL: SELECT * FROM `onethink_picture` WHERE (  id=7 ) LIMIT 1   [ RunTime:0.0010s ]
SQL: SELECT * FROM `onethink_picture` WHERE (  id=7 ) LIMIT 1   [ RunTime:0.0000s ]

[ 2017-07-08T14:08:31+08:00 ] 127.0.0.1 /wechat.php?s=/Shop/index/p/1
INFO: [ app_begin ] --START--
INFO: Run Behavior\ReadHtmlCacheBehavior [ RunTime:0.003000s ]
INFO: [ app_begin ] --END-- [ RunTime:0.003000s ]
SQL: SHOW COLUMNS FROM `onethink_document` [ RunTime:0.0180s ]
SQL: SELECT COUNT(*) AS tp_count FROM `onethink_document` WHERE (  category_id=43 ) LIMIT 1   [ RunTime:0.0020s ]
SQL: SELECT * FROM `onethink_document` WHERE (  category_id=43 ) AND (  status=1 ) LIMIT 0,2   [ RunTime:0.0000s ]
SQL: SHOW COLUMNS FROM `onethink_picture` [ RunTime:0.0210s ]
SQL: SELECT * FROM `onethink_picture` WHERE (  id=7 ) LIMIT 1   [ RunTime:0.0010s ]
SQL: SELECT * FROM `onethink_picture` WHERE (  id=7 ) LIMIT 1   [ RunTime:0.0000s ]

[ 2017-07-08T14:09:16+08:00 ] 127.0.0.1 /wechat.php?s=/Activity/index/p/1
INFO: [ app_begin ] --START--
INFO: Run Behavior\ReadHtmlCacheBehavior [ RunTime:0.001000s ]
INFO: [ app_begin ] --END-- [ RunTime:0.002000s ]
SQL: SHOW COLUMNS FROM `onethink_document` [ RunTime:0.0210s ]
SQL: SELECT COUNT(*) AS tp_count FROM `onethink_document` WHERE (  category_id=41 ) LIMIT 1   [ RunTime:0.0010s ]
SQL: SELECT * FROM `onethink_document` WHERE (  category_id=41 ) AND (  status=1 ) LIMIT 0,2   [ RunTime:0.0020s ]
SQL: SHOW COLUMNS FROM `onethink_picture` [ RunTime:0.0310s ]
SQL: SELECT * FROM `onethink_picture` WHERE (  id=7 ) LIMIT 1   [ RunTime:0.0010s ]
SQL: SELECT * FROM `onethink_picture` WHERE (  id=6 ) LIMIT 1   [ RunTime:0.0010s ]

[ 2017-07-08T14:10:39+08:00 ] 127.0.0.1 /wechat.php?s=/Activity/index/p/1
INFO: [ app_begin ] --START--
INFO: Run Behavior\ReadHtmlCacheBehavior [ RunTime:0.001000s ]
INFO: [ app_begin ] --END-- [ RunTime:0.002000s ]
SQL: SHOW COLUMNS FROM `onethink_document` [ RunTime:0.0330s ]
SQL: SELECT COUNT(*) AS tp_count FROM `onethink_document` WHERE (  category_id=41 ) LIMIT 1   [ RunTime:0.0010s ]
SQL: SELECT * FROM `onethink_document` WHERE (  category_id=41 ) AND (  status=1 ) LIMIT 0,2   [ RunTime:0.0000s ]
SQL: SHOW COLUMNS FROM `onethink_picture` [ RunTime:0.0300s ]
SQL: SELECT * FROM `onethink_picture` WHERE (  id=7 ) LIMIT 1   [ RunTime:0.0000s ]
SQL: SELECT * FROM `onethink_picture` WHERE (  id=6 ) LIMIT 1   [ RunTime:0.0000s ]

[ 2017-07-08T14:10:52+08:00 ] 127.0.0.1 /wechat.php?s=/Shop/index/p/1
INFO: [ app_begin ] --START--
INFO: Run Behavior\ReadHtmlCacheBehavior [ RunTime:0.001000s ]
INFO: [ app_begin ] --END-- [ RunTime:0.002000s ]
SQL: SHOW COLUMNS FROM `onethink_document` [ RunTime:0.0150s ]
SQL: SELECT COUNT(*) AS tp_count FROM `onethink_document` WHERE (  category_id=43 ) LIMIT 1   [ RunTime:0.0010s ]
SQL: SELECT * FROM `onethink_document` WHERE (  category_id=43 ) AND (  status=1 ) LIMIT 0,2   [ RunTime:0.0020s ]
SQL: SHOW COLUMNS FROM `onethink_picture` [ RunTime:0.0090s ]
SQL: SELECT * FROM `onethink_picture` WHERE (  id=7 ) LIMIT 1   [ RunTime:0.0000s ]
SQL: SELECT * FROM `onethink_picture` WHERE (  id=7 ) LIMIT 1   [ RunTime:0.0010s ]

[ 2017-07-08T14:10:57+08:00 ] 127.0.0.1 /wechat.php?s=/Activity/index/p/1
INFO: [ app_begin ] --START--
INFO: Run Behavior\ReadHtmlCacheBehavior [ RunTime:0.001000s ]
INFO: [ app_begin ] --END-- [ RunTime:0.002000s ]
SQL: SHOW COLUMNS FROM `onethink_document` [ RunTime:0.0340s ]
SQL: SELECT COUNT(*) AS tp_count FROM `onethink_document` WHERE (  category_id=41 ) LIMIT 1   [ RunTime:0.0010s ]
SQL: SELECT * FROM `onethink_document` WHERE (  category_id=41 ) AND (  status=1 ) LIMIT 0,2   [ RunTime:0.0010s ]
SQL: SHOW COLUMNS FROM `onethink_picture` [ RunTime:0.0260s ]
SQL: SELECT * FROM `onethink_picture` WHERE (  id=7 ) LIMIT 1   [ RunTime:0.0000s ]
SQL: SELECT * FROM `onethink_picture` WHERE (  id=6 ) LIMIT 1   [ RunTime:0.0010s ]

[ 2017-07-08T14:13:08+08:00 ] 127.0.0.1 /wechat.php?s=/index/activity.html
ERR: 非法操作:activity

[ 2017-07-08T14:13:50+08:00 ] 127.0.0.1 /wechat.php?s=/Activity/index/p/1
INFO: [ app_begin ] --START--
INFO: Run Behavior\ReadHtmlCacheBehavior [ RunTime:0.001000s ]
INFO: [ app_begin ] --END-- [ RunTime:0.002000s ]
SQL: SHOW COLUMNS FROM `onethink_document` [ RunTime:0.0320s ]
SQL: SELECT COUNT(*) AS tp_count FROM `onethink_document` WHERE (  category_id=42 ) LIMIT 1   [ RunTime:0.0010s ]
SQL: SELECT * FROM `onethink_document` WHERE (  category_id=42 ) AND (  status=1 ) LIMIT 0,2   [ RunTime:0.0010s ]
SQL: SHOW COLUMNS FROM `onethink_picture` [ RunTime:0.0240s ]
SQL: SELECT * FROM `onethink_picture` WHERE (  id=6 ) LIMIT 1   [ RunTime:0.0010s ]
SQL: SELECT * FROM `onethink_picture` WHERE (  id=6 ) LIMIT 1   [ RunTime:0.0000s ]

[ 2017-07-08T14:13:57+08:00 ] 127.0.0.1 /wechat.php?s=/Activity/index/p/1
INFO: [ app_begin ] --START--
INFO: Run Behavior\ReadHtmlCacheBehavior [ RunTime:0.002000s ]
INFO: [ app_begin ] --END-- [ RunTime:0.002000s ]
SQL: SHOW COLUMNS FROM `onethink_document` [ RunTime:0.0120s ]
SQL: SELECT COUNT(*) AS tp_count FROM `onethink_document` WHERE (  category_id=42 ) LIMIT 1   [ RunTime:0.0000s ]
SQL: SELECT * FROM `onethink_document` WHERE (  category_id=42 ) AND (  status=1 ) LIMIT 0,2   [ RunTime:0.0010s ]
SQL: SHOW COLUMNS FROM `onethink_picture` [ RunTime:0.0110s ]
SQL: SELECT * FROM `onethink_picture` WHERE (  id=6 ) LIMIT 1   [ RunTime:0.0010s ]
SQL: SELECT * FROM `onethink_picture` WHERE (  id=6 ) LIMIT 1   [ RunTime:0.0000s ]

[ 2017-07-08T14:17:11+08:00 ] 127.0.0.1 /wechat.php?s=/Activity/index/p/1
INFO: [ app_begin ] --START--
INFO: Run Behavior\ReadHtmlCacheBehavior [ RunTime:0.002000s ]
INFO: [ app_begin ] --END-- [ RunTime:0.003000s ]
SQL: SHOW COLUMNS FROM `onethink_document` [ RunTime:0.0150s ]
SQL: SELECT COUNT(*) AS tp_count FROM `onethink_document` WHERE (  category_id=42 ) LIMIT 1   [ RunTime:0.0010s ]
SQL: SELECT * FROM `onethink_document` WHERE (  category_id=42 ) AND (  status=1 ) LIMIT 0,2   [ RunTime:0.0010s ]
SQL: SHOW COLUMNS FROM `onethink_picture` [ RunTime:0.0190s ]
SQL: SELECT * FROM `onethink_picture` WHERE (  id=6 ) LIMIT 1   [ RunTime:0.0010s ]
SQL: SELECT * FROM `onethink_picture` WHERE (  id=6 ) LIMIT 1   [ RunTime:0.0000s ]

[ 2017-07-08T14:17:15+08:00 ] 127.0.0.1 /wechat.php?s=/Activity/index/p/2
INFO: [ app_begin ] --START--
INFO: Run Behavior\ReadHtmlCacheBehavior [ RunTime:0.001000s ]
INFO: [ app_begin ] --END-- [ RunTime:0.002000s ]
SQL: SHOW COLUMNS FROM `onethink_document` [ RunTime:0.0270s ]
SQL: SELECT COUNT(*) AS tp_count FROM `onethink_document` WHERE (  category_id=42 ) LIMIT 1   [ RunTime:0.0010s ]
SQL: SELECT * FROM `onethink_document` WHERE (  category_id=42 ) AND (  status=1 ) LIMIT 2,2   [ RunTime:0.0010s ]
SQL: SHOW COLUMNS FROM `onethink_picture` [ RunTime:0.0310s ]
SQL: SELECT * FROM `onethink_picture` WHERE (  id=4 ) LIMIT 1   [ RunTime:0.0010s ]

[ 2017-07-08T14:17:38+08:00 ] 127.0.0.1 /wechat.php?s=/Activity/index/p/1
INFO: [ app_begin ] --START--
INFO: Run Behavior\ReadHtmlCacheBehavior [ RunTime:0.002000s ]
INFO: [ app_begin ] --END-- [ RunTime:0.003000s ]
SQL: SHOW COLUMNS FROM `onethink_document` [ RunTime:0.0210s ]
SQL: SELECT COUNT(*) AS tp_count FROM `onethink_document` WHERE (  category_id=42 ) LIMIT 1   [ RunTime:0.0010s ]
SQL: SELECT * FROM `onethink_document` WHERE (  category_id=42 ) AND (  status=1 ) LIMIT 0,2   [ RunTime:0.0010s ]
SQL: SHOW COLUMNS FROM `onethink_picture` [ RunTime:0.0260s ]
SQL: SELECT * FROM `onethink_picture` WHERE (  id=6 ) LIMIT 1   [ RunTime:0.0010s ]
SQL: SELECT * FROM `onethink_picture` WHERE (  id=6 ) LIMIT 1   [ RunTime:0.0000s ]

[ 2017-07-08T14:17:40+08:00 ] 127.0.0.1 /wechat.php?s=/Activity/index/p/2
INFO: [ app_begin ] --START--
INFO: Run Behavior\ReadHtmlCacheBehavior [ RunTime:0.001000s ]
INFO: [ app_begin ] --END-- [ RunTime:0.002000s ]
SQL: SHOW COLUMNS FROM `onethink_document` [ RunTime:0.0220s ]
SQL: SELECT COUNT(*) AS tp_count FROM `onethink_document` WHERE (  category_id=42 ) LIMIT 1   [ RunTime:0.0000s ]
SQL: SELECT * FROM `onethink_document` WHERE (  category_id=42 ) AND (  status=1 ) LIMIT 2,2   [ RunTime:0.0010s ]
SQL: SHOW COLUMNS FROM `onethink_picture` [ RunTime:0.0280s ]
SQL: SELECT * FROM `onethink_picture` WHERE (  id=4 ) LIMIT 1   [ RunTime:0.0010s ]

[ 2017-07-08T15:09:36+08:00 ] 127.0.0.1 /wechat.php?s=/Activity/index/p/1
INFO: [ app_begin ] --START--
INFO: Run Behavior\ReadHtmlCacheBehavior [ RunTime:0.001000s ]
INFO: [ app_begin ] --END-- [ RunTime:0.002000s ]
SQL: SHOW COLUMNS FROM `onethink_document` [ RunTime:0.0280s ]
SQL: SELECT COUNT(*) AS tp_count FROM `onethink_document` WHERE (  category_id=42 ) LIMIT 1   [ RunTime:0.0010s ]
SQL: SELECT * FROM `onethink_document` WHERE (  category_id=42 ) AND (  status=1 ) LIMIT 0,2   [ RunTime:0.0020s ]
SQL: SHOW COLUMNS FROM `onethink_picture` [ RunTime:0.0240s ]
SQL: SELECT * FROM `onethink_picture` WHERE (  id=6 ) LIMIT 1   [ RunTime:0.0000s ]
SQL: SELECT * FROM `onethink_picture` WHERE (  id=6 ) LIMIT 1   [ RunTime:0.0000s ]

[ 2017-07-08T15:09:43+08:00 ] 127.0.0.1 /wechat.php?s=/Activity/index/p/1
INFO: [ app_begin ] --START--
INFO: Run Behavior\ReadHtmlCacheBehavior [ RunTime:0.001000s ]
INFO: [ app_begin ] --END-- [ RunTime:0.002000s ]
SQL: SHOW COLUMNS FROM `onethink_document` [ RunTime:0.0310s ]
SQL: SELECT COUNT(*) AS tp_count FROM `onethink_document` WHERE (  category_id=42 ) LIMIT 1   [ RunTime:0.0000s ]
SQL: SELECT * FROM `onethink_document` WHERE (  category_id=42 ) AND (  status=1 ) LIMIT 0,2   [ RunTime:0.0010s ]
SQL: SHOW COLUMNS FROM `onethink_picture` [ RunTime:0.0290s ]
SQL: SELECT * FROM `onethink_picture` WHERE (  id=6 ) LIMIT 1   [ RunTime:0.0010s ]
SQL: SELECT * FROM `onethink_picture` WHERE (  id=6 ) LIMIT 1   [ RunTime:0.0000s ]

[ 2017-07-08T15:32:08+08:00 ] 127.0.0.1 /wechat.php?s=/Activity/index/p/1
INFO: [ app_begin ] --START--
INFO: Run Behavior\ReadHtmlCacheBehavior [ RunTime:0.002001s ]
INFO: [ app_begin ] --END-- [ RunTime:0.003001s ]
SQL: SHOW COLUMNS FROM `onethink_document` [ RunTime:0.0230s ]
SQL: SELECT COUNT(*) AS tp_count FROM `onethink_document` WHERE (  category_id=42 ) LIMIT 1   [ RunTime:0.0010s ]
SQL: SELECT * FROM `onethink_document` WHERE (  category_id=42 ) AND (  status=1 ) LIMIT 0,2   [ RunTime:0.0010s ]
SQL: SHOW COLUMNS FROM `onethink_picture` [ RunTime:0.0200s ]
SQL: SELECT * FROM `onethink_picture` WHERE (  id=6 ) LIMIT 1   [ RunTime:0.0000s ]
SQL: SELECT * FROM `onethink_picture` WHERE (  id=6 ) LIMIT 1   [ RunTime:0.0000s ]

[ 2017-07-08T15:32:20+08:00 ] 127.0.0.1 /wechat.php?s=/Service/index/p/1
INFO: [ app_begin ] --START--
INFO: Run Behavior\ReadHtmlCacheBehavior [ RunTime:0.001000s ]
INFO: [ app_begin ] --END-- [ RunTime:0.003000s ]
SQL: SHOW COLUMNS FROM `onethink_document` [ RunTime:0.0110s ]
SQL: SELECT COUNT(*) AS tp_count FROM `onethink_document` WHERE (  category_id=41 ) LIMIT 1   [ RunTime:0.0010s ]
SQL: SELECT * FROM `onethink_document` WHERE (  category_id=41 ) AND (  status=1 ) LIMIT 0,2   [ RunTime:0.0010s ]
SQL: SHOW COLUMNS FROM `onethink_picture` [ RunTime:0.0070s ]
SQL: SELECT * FROM `onethink_picture` WHERE (  id=7 ) LIMIT 1   [ RunTime:0.0010s ]
SQL: SELECT * FROM `onethink_picture` WHERE (  id=6 ) LIMIT 1   [ RunTime:0.0000s ]

[ 2017-07-08T15:32:48+08:00 ] 127.0.0.1 /wechat.php?s=/Service/index/p/1
INFO: [ app_begin ] --START--
INFO: Run Behavior\ReadHtmlCacheBehavior [ RunTime:0.002000s ]
INFO: [ app_begin ] --END-- [ RunTime:0.003000s ]
SQL: SHOW COLUMNS FROM `onethink_document` [ RunTime:0.0190s ]
SQL: SELECT COUNT(*) AS tp_count FROM `onethink_document` WHERE (  category_id=41 ) LIMIT 1   [ RunTime:0.0000s ]
SQL: SELECT * FROM `onethink_document` WHERE (  category_id=41 ) AND (  status=1 ) LIMIT 0,2   [ RunTime:0.0010s ]
SQL: SHOW COLUMNS FROM `onethink_picture` [ RunTime:0.0310s ]
SQL: SELECT * FROM `onethink_picture` WHERE (  id=7 ) LIMIT 1   [ RunTime:0.0010s ]
SQL: SELECT * FROM `onethink_picture` WHERE (  id=6 ) LIMIT 1   [ RunTime:0.0000s ]

[ 2017-07-08T15:33:26+08:00 ] 127.0.0.1 /wechat.php?s=/Service/index/p/1
INFO: [ app_begin ] --START--
INFO: Run Behavior\ReadHtmlCacheBehavior [ RunTime:0.001000s ]
INFO: [ app_begin ] --END-- [ RunTime:0.002000s ]
SQL: SHOW COLUMNS FROM `onethink_document` [ RunTime:0.0120s ]
SQL: SELECT COUNT(*) AS tp_count FROM `onethink_document` WHERE (  category_id=41 ) LIMIT 1   [ RunTime:0.0010s ]
SQL: SELECT * FROM `onethink_document` WHERE (  category_id=41 ) AND (  status=1 ) LIMIT 0,2   [ RunTime:0.0010s ]
SQL: SHOW COLUMNS FROM `onethink_picture` [ RunTime:0.0110s ]
SQL: SELECT * FROM `onethink_picture` WHERE (  id=7 ) LIMIT 1   [ RunTime:0.0000s ]
SQL: SELECT * FROM `onethink_picture` WHERE (  id=6 ) LIMIT 1   [ RunTime:0.0000s ]

[ 2017-07-08T15:33:39+08:00 ] 127.0.0.1 /wechat.php?s=/Service/index/p/1
INFO: [ app_begin ] --START--
INFO: Run Behavior\ReadHtmlCacheBehavior [ RunTime:0.002000s ]
INFO: [ app_begin ] --END-- [ RunTime:0.003000s ]
SQL: SHOW COLUMNS FROM `onethink_document` [ RunTime:0.0300s ]
SQL: SELECT COUNT(*) AS tp_count FROM `onethink_document` WHERE (  category_id=41 ) LIMIT 1   [ RunTime:0.0000s ]
SQL: SELECT * FROM `onethink_document` WHERE (  category_id=41 ) AND (  status=1 ) LIMIT 0,2   [ RunTime:0.0020s ]
SQL: SHOW COLUMNS FROM `onethink_picture` [ RunTime:0.0340s ]
SQL: SELECT * FROM `onethink_picture` WHERE (  id=7 ) LIMIT 1   [ RunTime:0.0010s ]
SQL: SELECT * FROM `onethink_picture` WHERE (  id=6 ) LIMIT 1   [ RunTime:0.0010s ]

[ 2017-07-08T15:33:44+08:00 ] 127.0.0.1 /wechat.php?s=/Service/index/p/2
INFO: [ app_begin ] --START--
INFO: Run Behavior\ReadHtmlCacheBehavior [ RunTime:0.003000s ]
INFO: [ app_begin ] --END-- [ RunTime:0.005000s ]
SQL: SHOW COLUMNS FROM `onethink_document` [ RunTime:0.0220s ]
SQL: SELECT COUNT(*) AS tp_count FROM `onethink_document` WHERE (  category_id=41 ) LIMIT 1   [ RunTime:0.0000s ]
SQL: SELECT * FROM `onethink_document` WHERE (  category_id=41 ) AND (  status=1 ) LIMIT 2,2   [ RunTime:0.0010s ]
SQL: SHOW COLUMNS FROM `onethink_picture` [ RunTime:0.0120s ]
SQL: SELECT * FROM `onethink_picture` WHERE (  id=7 ) LIMIT 1   [ RunTime:0.0010s ]

[ 2017-07-08T15:34:26+08:00 ] 127.0.0.1 /wechat.php?s=/Service/index/p/1
INFO: [ app_begin ] --START--
INFO: Run Behavior\ReadHtmlCacheBehavior [ RunTime:0.002000s ]
INFO: [ app_begin ] --END-- [ RunTime:0.002000s ]
SQL: SHOW COLUMNS FROM `onethink_document` [ RunTime:0.0280s ]
SQL: SELECT COUNT(*) AS tp_count FROM `onethink_document` WHERE (  category_id=41 ) LIMIT 1   [ RunTime:0.0000s ]
SQL: SELECT * FROM `onethink_document` WHERE (  category_id=41 ) AND (  status=1 ) LIMIT 0,2   [ RunTime:0.0010s ]
SQL: SHOW COLUMNS FROM `onethink_picture` [ RunTime:0.0290s ]
SQL: SELECT * FROM `onethink_picture` WHERE (  id=7 ) LIMIT 1   [ RunTime:0.0000s ]
SQL: SELECT * FROM `onethink_picture` WHERE (  id=6 ) LIMIT 1   [ RunTime:0.0000s ]

[ 2017-07-08T15:35:17+08:00 ] 127.0.0.1 /wechat.php?s=/Service/index/p/1
INFO: [ app_begin ] --START--
INFO: Run Behavior\ReadHtmlCacheBehavior [ RunTime:0.001000s ]
INFO: [ app_begin ] --END-- [ RunTime:0.002000s ]
SQL: SHOW COLUMNS FROM `onethink_document` [ RunTime:0.0310s ]
SQL: SELECT COUNT(*) AS tp_count FROM `onethink_document` WHERE (  category_id=41 ) LIMIT 1   [ RunTime:0.0010s ]
SQL: SELECT * FROM `onethink_document` WHERE (  category_id=41 ) AND (  status=1 ) LIMIT 0,2   [ RunTime:0.0010s ]
SQL: SHOW COLUMNS FROM `onethink_picture` [ RunTime:0.0270s ]
SQL: SELECT * FROM `onethink_picture` WHERE (  id=7 ) LIMIT 1   [ RunTime:0.0010s ]
SQL: SELECT * FROM `onethink_picture` WHERE (  id=6 ) LIMIT 1   [ RunTime:0.0010s ]

[ 2017-07-08T15:44:21+08:00 ] 127.0.0.1 /wechat.php?s=/Service/index/p/1
INFO: [ app_begin ] --START--
INFO: Run Behavior\ReadHtmlCacheBehavior [ RunTime:0.001000s ]
INFO: [ app_begin ] --END-- [ RunTime:0.002000s ]
SQL: SHOW COLUMNS FROM `onethink_document` [ RunTime:0.0300s ]
SQL: SELECT COUNT(*) AS tp_count FROM `onethink_document` WHERE (  category_id=41 ) LIMIT 1   [ RunTime:0.0010s ]
SQL: SELECT * FROM `onethink_document` WHERE (  category_id=41 ) AND (  status=1 ) LIMIT 0,2   [ RunTime:0.0010s ]
SQL: SHOW COLUMNS FROM `onethink_picture` [ RunTime:0.0240s ]
SQL: SELECT * FROM `onethink_picture` WHERE (  id=7 ) LIMIT 1   [ RunTime:0.0010s ]
SQL: SELECT * FROM `onethink_picture` WHERE (  id=6 ) LIMIT 1   [ RunTime:0.0010s ]

[ 2017-07-08T15:44:25+08:00 ] 127.0.0.1 /wechat.php?s=/Service/index/p/2
INFO: [ app_begin ] --START--
INFO: Run Behavior\ReadHtmlCacheBehavior [ RunTime:0.001000s ]
INFO: [ app_begin ] --END-- [ RunTime:0.002000s ]
SQL: SHOW COLUMNS FROM `onethink_document` [ RunTime:0.0260s ]
SQL: SELECT COUNT(*) AS tp_count FROM `onethink_document` WHERE (  category_id=41 ) LIMIT 1   [ RunTime:0.0010s ]
SQL: SELECT * FROM `onethink_document` WHERE (  category_id=41 ) AND (  status=1 ) LIMIT 2,2   [ RunTime:0.0010s ]
SQL: SHOW COLUMNS FROM `onethink_picture` [ RunTime:0.0180s ]
SQL: SELECT * FROM `onethink_picture` WHERE (  id=7 ) LIMIT 1   [ RunTime:0.0000s ]

[ 2017-07-08T15:44:30+08:00 ] 127.0.0.1 /wechat.php?s=/Service/index/p/1
INFO: [ app_begin ] --START--
INFO: Run Behavior\ReadHtmlCacheBehavior [ RunTime:0.001000s ]
INFO: [ app_begin ] --END-- [ RunTime:0.002000s ]
SQL: SHOW COLUMNS FROM `onethink_document` [ RunTime:0.0240s ]
SQL: SELECT COUNT(*) AS tp_count FROM `onethink_document` WHERE (  category_id=41 ) LIMIT 1   [ RunTime:0.0010s ]
SQL: SELECT * FROM `onethink_document` WHERE (  category_id=41 ) AND (  status=1 ) LIMIT 0,2   [ RunTime:0.0010s ]
SQL: SHOW COLUMNS FROM `onethink_picture` [ RunTime:0.0290s ]
SQL: SELECT * FROM `onethink_picture` WHERE (  id=7 ) LIMIT 1   [ RunTime:0.0010s ]
SQL: SELECT * FROM `onethink_picture` WHERE (  id=6 ) LIMIT 1   [ RunTime:0.0000s ]

[ 2017-07-08T15:44:31+08:00 ] 127.0.0.1 /wechat.php?s=/Service/index/p/2
INFO: [ app_begin ] --START--
INFO: Run Behavior\ReadHtmlCacheBehavior [ RunTime:0.003000s ]
INFO: [ app_begin ] --END-- [ RunTime:0.004000s ]
SQL: SHOW COLUMNS FROM `onethink_document` [ RunTime:0.0300s ]
SQL: SELECT COUNT(*) AS tp_count FROM `onethink_document` WHERE (  category_id=41 ) LIMIT 1   [ RunTime:0.0010s ]
SQL: SELECT * FROM `onethink_document` WHERE (  category_id=41 ) AND (  status=1 ) LIMIT 2,2   [ RunTime:0.0000s ]
SQL: SHOW COLUMNS FROM `onethink_picture` [ RunTime:0.0260s ]
SQL: SELECT * FROM `onethink_picture` WHERE (  id=7 ) LIMIT 1   [ RunTime:0.0010s ]

[ 2017-07-08T15:44:43+08:00 ] 127.0.0.1 /wechat.php?s=/Service/index/p/1
INFO: [ app_begin ] --START--
INFO: Run Behavior\ReadHtmlCacheBehavior [ RunTime:0.002000s ]
INFO: [ app_begin ] --END-- [ RunTime:0.004000s ]
SQL: SHOW COLUMNS FROM `onethink_document` [ RunTime:0.0240s ]
SQL: SELECT COUNT(*) AS tp_count FROM `onethink_document` WHERE (  category_id=41 ) LIMIT 1   [ RunTime:0.0010s ]
SQL: SELECT * FROM `onethink_document` WHERE (  category_id=41 ) AND (  status=1 ) LIMIT 0,2   [ RunTime:0.0010s ]
SQL: SHOW COLUMNS FROM `onethink_picture` [ RunTime:0.0300s ]
SQL: SELECT * FROM `onethink_picture` WHERE (  id=7 ) LIMIT 1   [ RunTime:0.0000s ]
SQL: SELECT * FROM `onethink_picture` WHERE (  id=6 ) LIMIT 1   [ RunTime:0.0000s ]

[ 2017-07-08T15:44:54+08:00 ] 127.0.0.1 /wechat.php?s=/Shop/index/p/1
INFO: [ app_begin ] --START--
INFO: Run Behavior\ReadHtmlCacheBehavior [ RunTime:0.001000s ]
INFO: [ app_begin ] --END-- [ RunTime:0.002000s ]
SQL: SHOW COLUMNS FROM `onethink_document` [ RunTime:0.0090s ]
SQL: SELECT COUNT(*) AS tp_count FROM `onethink_document` WHERE (  category_id=43 ) LIMIT 1   [ RunTime:0.0010s ]
SQL: SELECT * FROM `onethink_document` WHERE (  category_id=43 ) AND (  status=1 ) LIMIT 0,2   [ RunTime:0.0010s ]
SQL: SHOW COLUMNS FROM `onethink_picture` [ RunTime:0.0070s ]
SQL: SELECT * FROM `onethink_picture` WHERE (  id=7 ) LIMIT 1   [ RunTime:0.0000s ]
SQL: SELECT * FROM `onethink_picture` WHERE (  id=7 ) LIMIT 1   [ RunTime:0.0010s ]

[ 2017-07-08T15:44:57+08:00 ] 127.0.0.1 /wechat.php?s=/Activity/index/p/1
INFO: [ app_begin ] --START--
INFO: Run Behavior\ReadHtmlCacheBehavior [ RunTime:0.001000s ]
INFO: [ app_begin ] --END-- [ RunTime:0.002000s ]

[ 2017-07-08T15:44:58+08:00 ] 127.0.0.1 /wechat.php?s=/Activity/index/p/2
INFO: [ app_begin ] --START--
INFO: Run Behavior\ReadHtmlCacheBehavior [ RunTime:0.002000s ]
INFO: [ app_begin ] --END-- [ RunTime:0.002000s ]

[ 2017-07-08T15:44:59+08:00 ] 127.0.0.1 /wechat.php?s=/Activity/index/p/3
INFO: [ app_begin ] --START--
INFO: Run Behavior\ReadHtmlCacheBehavior [ RunTime:0.001000s ]
INFO: [ app_begin ] --END-- [ RunTime:0.002000s ]

[ 2017-07-08T15:44:59+08:00 ] 127.0.0.1 /wechat.php?s=/Activity/index/p/4
INFO: [ app_begin ] --START--
INFO: Run Behavior\ReadHtmlCacheBehavior [ RunTime:0.001000s ]
INFO: [ app_begin ] --END-- [ RunTime:0.002000s ]

[ 2017-07-08T15:45:00+08:00 ] 127.0.0.1 /wechat.php?s=/Activity/index/p/5
INFO: [ app_begin ] --START--
INFO: Run Behavior\ReadHtmlCacheBehavior [ RunTime:0.001000s ]
INFO: [ app_begin ] --END-- [ RunTime:0.002000s ]

[ 2017-07-08T15:45:00+08:00 ] 127.0.0.1 /wechat.php?s=/Activity/index/p/6
INFO: [ app_begin ] --START--
INFO: Run Behavior\ReadHtmlCacheBehavior [ RunTime:0.002000s ]
INFO: [ app_begin ] --END-- [ RunTime:0.002000s ]

[ 2017-07-08T15:45:37+08:00 ] 127.0.0.1 /wechat.php?s=/Activity/index/p/1
INFO: [ app_begin ] --START--
INFO: Run Behavior\ReadHtmlCacheBehavior [ RunTime:0.001000s ]
INFO: [ app_begin ] --END-- [ RunTime:0.002000s ]

[ 2017-07-08T15:45:38+08:00 ] 127.0.0.1 /wechat.php?s=/Activity/index/p/2
INFO: [ app_begin ] --START--
INFO: Run Behavior\ReadHtmlCacheBehavior [ RunTime:0.001000s ]
INFO: [ app_begin ] --END-- [ RunTime:0.002000s ]

[ 2017-07-08T15:45:38+08:00 ] 127.0.0.1 /wechat.php?s=/Activity/index/p/3
INFO: [ app_begin ] --START--
INFO: Run Behavior\ReadHtmlCacheBehavior [ RunTime:0.001000s ]
INFO: [ app_begin ] --END-- [ RunTime:0.002000s ]

[ 2017-07-08T15:45:38+08:00 ] 127.0.0.1 /wechat.php?s=/Activity/index/p/4
INFO: [ app_begin ] --START--
INFO: Run Behavior\ReadHtmlCacheBehavior [ RunTime:0.001000s ]
INFO: [ app_begin ] --END-- [ RunTime:0.002000s ]

[ 2017-07-08T15:45:39+08:00 ] 127.0.0.1 /wechat.php?s=/Activity/index/p/5
INFO: [ app_begin ] --START--
INFO: Run Behavior\ReadHtmlCacheBehavior [ RunTime:0.001000s ]
INFO: [ app_begin ] --END-- [ RunTime:0.002000s ]

[ 2017-07-08T15:47:58+08:00 ] 127.0.0.1 /wechat.php?s=/Activity/index/p/1
INFO: [ app_begin ] --START--
INFO: Run Behavior\ReadHtmlCacheBehavior [ RunTime:0.001000s ]
INFO: [ app_begin ] --END-- [ RunTime:0.002000s ]
SQL: SHOW COLUMNS FROM `onethink_document` [ RunTime:0.0110s ]
SQL: SELECT COUNT(*) AS tp_count FROM `onethink_document` WHERE (  category_id=42 ) LIMIT 1   [ RunTime:0.0020s ]
SQL: SELECT * FROM `onethink_document` WHERE (  category_id=42 ) AND (  status=1 ) AND (  deadline>=1499500078 ) LIMIT 0,2   [ RunTime:0.0010s ]
SQL: SHOW COLUMNS FROM `onethink_picture` [ RunTime:0.0220s ]
SQL: SELECT * FROM `onethink_picture` WHERE (  id=6 ) LIMIT 1   [ RunTime:0.0000s ]
SQL: SELECT * FROM `onethink_picture` WHERE (  id=6 ) LIMIT 1   [ RunTime:0.0010s ]

[ 2017-07-08T15:48:00+08:00 ] 127.0.0.1 /wechat.php?s=/Activity/index/p/1
INFO: [ app_begin ] --START--
INFO: Run Behavior\ReadHtmlCacheBehavior [ RunTime:0.001000s ]
INFO: [ app_begin ] --END-- [ RunTime:0.002000s ]
SQL: SHOW COLUMNS FROM `onethink_document` [ RunTime:0.0370s ]
SQL: SELECT COUNT(*) AS tp_count FROM `onethink_document` WHERE (  category_id=42 ) LIMIT 1   [ RunTime:0.0000s ]
SQL: SELECT * FROM `onethink_document` WHERE (  category_id=42 ) AND (  status=1 ) AND (  deadline>=1499500080 ) LIMIT 0,2   [ RunTime:0.0010s ]
SQL: SHOW COLUMNS FROM `onethink_picture` [ RunTime:0.0300s ]
SQL: SELECT * FROM `onethink_picture` WHERE (  id=6 ) LIMIT 1   [ RunTime:0.0010s ]
SQL: SELECT * FROM `onethink_picture` WHERE (  id=6 ) LIMIT 1   [ RunTime:0.0010s ]

[ 2017-07-08T15:48:04+08:00 ] 127.0.0.1 /wechat.php?s=/Activity/index/p/1
INFO: [ app_begin ] --START--
INFO: Run Behavior\ReadHtmlCacheBehavior [ RunTime:0.001000s ]
INFO: [ app_begin ] --END-- [ RunTime:0.001000s ]
SQL: SHOW COLUMNS FROM `onethink_document` [ RunTime:0.0170s ]
SQL: SELECT COUNT(*) AS tp_count FROM `onethink_document` WHERE (  category_id=42 ) LIMIT 1   [ RunTime:0.0000s ]
SQL: SELECT * FROM `onethink_document` WHERE (  category_id=42 ) AND (  status=1 ) AND (  deadline>=1499500084 ) LIMIT 0,2   [ RunTime:0.0010s ]
SQL: SHOW COLUMNS FROM `onethink_picture` [ RunTime:0.0080s ]
SQL: SELECT * FROM `onethink_picture` WHERE (  id=6 ) LIMIT 1   [ RunTime:0.0000s ]
SQL: SELECT * FROM `onethink_picture` WHERE (  id=6 ) LIMIT 1   [ RunTime:0.0000s ]

[ 2017-07-08T15:48:05+08:00 ] 127.0.0.1 /wechat.php?s=/Activity/index/p/2
INFO: [ app_begin ] --START--
INFO: Run Behavior\ReadHtmlCacheBehavior [ RunTime:0.001000s ]
INFO: [ app_begin ] --END-- [ RunTime:0.002000s ]
SQL: SHOW COLUMNS FROM `onethink_document` [ RunTime:0.0240s ]
SQL: SELECT COUNT(*) AS tp_count FROM `onethink_document` WHERE (  category_id=42 ) LIMIT 1   [ RunTime:0.0010s ]
SQL: SELECT * FROM `onethink_document` WHERE (  category_id=42 ) AND (  status=1 ) AND (  deadline>=1499500085 ) LIMIT 2,2   [ RunTime:0.0010s ]
SQL: SHOW COLUMNS FROM `onethink_picture` [ RunTime:0.0160s ]
SQL: SELECT * FROM `onethink_picture` WHERE (  id=4 ) LIMIT 1   [ RunTime:0.0000s ]

[ 2017-07-08T15:48:08+08:00 ] 127.0.0.1 /wechat.php?s=/Activity/index/p/1
INFO: [ app_begin ] --START--
INFO: Run Behavior\ReadHtmlCacheBehavior [ RunTime:0.002000s ]
INFO: [ app_begin ] --END-- [ RunTime:0.003000s ]
SQL: SHOW COLUMNS FROM `onethink_document` [ RunTime:0.0270s ]
SQL: SELECT COUNT(*) AS tp_count FROM `onethink_document` WHERE (  category_id=42 ) LIMIT 1   [ RunTime:0.0010s ]
SQL: SELECT * FROM `onethink_document` WHERE (  category_id=42 ) AND (  status=1 ) AND (  deadline>=1499500088 ) LIMIT 0,2   [ RunTime:0.0010s ]
SQL: SHOW COLUMNS FROM `onethink_picture` [ RunTime:0.0240s ]
SQL: SELECT * FROM `onethink_picture` WHERE (  id=6 ) LIMIT 1   [ RunTime:0.0010s ]
SQL: SELECT * FROM `onethink_picture` WHERE (  id=6 ) LIMIT 1   [ RunTime:0.0010s ]

[ 2017-07-08T15:48:10+08:00 ] 127.0.0.1 /wechat.php?s=/Activity/index/p/2
INFO: [ app_begin ] --START--
INFO: Run Behavior\ReadHtmlCacheBehavior [ RunTime:0.001000s ]
INFO: [ app_begin ] --END-- [ RunTime:0.002000s ]
SQL: SHOW COLUMNS FROM `onethink_document` [ RunTime:0.0230s ]
SQL: SELECT COUNT(*) AS tp_count FROM `onethink_document` WHERE (  category_id=42 ) LIMIT 1   [ RunTime:0.0010s ]
SQL: SELECT * FROM `onethink_document` WHERE (  category_id=42 ) AND (  status=1 ) AND (  deadline>=1499500090 ) LIMIT 2,2   [ RunTime:0.0010s ]
SQL: SHOW COLUMNS FROM `onethink_picture` [ RunTime:0.0170s ]
SQL: SELECT * FROM `onethink_picture` WHERE (  id=4 ) LIMIT 1   [ RunTime:0.0000s ]

[ 2017-07-08T15:48:13+08:00 ] 127.0.0.1 /wechat.php?s=/Activity/index/p/1
INFO: [ app_begin ] --START--
INFO: Run Behavior\ReadHtmlCacheBehavior [ RunTime:0.002000s ]
INFO: [ app_begin ] --END-- [ RunTime:0.003000s ]
SQL: SHOW COLUMNS FROM `onethink_document` [ RunTime:0.0120s ]
SQL: SELECT COUNT(*) AS tp_count FROM `onethink_document` WHERE (  category_id=42 ) LIMIT 1   [ RunTime:0.0000s ]
SQL: SELECT * FROM `onethink_document` WHERE (  category_id=42 ) AND (  status=1 ) AND (  deadline>=1499500093 ) LIMIT 0,2   [ RunTime:0.0020s ]
SQL: SHOW COLUMNS FROM `onethink_picture` [ RunTime:0.0300s ]
SQL: SELECT * FROM `onethink_picture` WHERE (  id=6 ) LIMIT 1   [ RunTime:0.0000s ]
SQL: SELECT * FROM `onethink_picture` WHERE (  id=6 ) LIMIT 1   [ RunTime:0.0010s ]

[ 2017-07-08T15:49:22+08:00 ] 127.0.0.1 /wechat.php?s=/Activity/index/p/1
INFO: [ app_begin ] --START--
INFO: Run Behavior\ReadHtmlCacheBehavior [ RunTime:0.001000s ]
INFO: [ app_begin ] --END-- [ RunTime:0.002001s ]
SQL: SHOW COLUMNS FROM `onethink_document` [ RunTime:0.0130s ]
SQL: SELECT COUNT(*) AS tp_count FROM `onethink_document` WHERE (  category_id=42 ) LIMIT 1   [ RunTime:0.0010s ]
SQL: SELECT * FROM `onethink_document` WHERE (  category_id=42 ) AND (  status=1 ) AND (  deadline>=1499500162 ) LIMIT 0,2   [ RunTime:0.0010s ]
SQL: SHOW COLUMNS FROM `onethink_picture` [ RunTime:0.0170s ]
SQL: SELECT * FROM `onethink_picture` WHERE (  id=6 ) LIMIT 1   [ RunTime:0.0000s ]
SQL: SELECT * FROM `onethink_picture` WHERE (  id=6 ) LIMIT 1   [ RunTime:0.0000s ]

[ 2017-07-08T15:50:42+08:00 ] 127.0.0.1 /wechat.php?s=/Activity/index/p/1
INFO: [ app_begin ] --START--
INFO: Run Behavior\ReadHtmlCacheBehavior [ RunTime:0.001000s ]
INFO: [ app_begin ] --END-- [ RunTime:0.002000s ]
SQL: SHOW COLUMNS FROM `onethink_document` [ RunTime:0.0120s ]
SQL: SELECT COUNT(*) AS tp_count FROM `onethink_document` WHERE (  category_id=42 ) LIMIT 1   [ RunTime:0.0010s ]
SQL: SELECT * FROM `onethink_document` WHERE (  category_id=42 ) AND (  status=1 ) AND (  deadline>=1499500242 ) LIMIT 0,2   [ RunTime:0.0010s ]
SQL: SHOW COLUMNS FROM `onethink_picture` [ RunTime:0.0100s ]
SQL: SELECT * FROM `onethink_picture` WHERE (  id=6 ) LIMIT 1   [ RunTime:0.0010s ]
SQL: SELECT * FROM `onethink_picture` WHERE (  id=6 ) LIMIT 1   [ RunTime:0.0000s ]

[ 2017-07-08T16:04:09+08:00 ] 127.0.0.1 /wechat.php?s=/Service/index/p/1
INFO: [ app_begin ] --START--
INFO: Run Behavior\ReadHtmlCacheBehavior [ RunTime:0.001000s ]
INFO: [ app_begin ] --END-- [ RunTime:0.002000s ]
SQL: SHOW COLUMNS FROM `onethink_document` [ RunTime:0.0110s ]
SQL: SELECT COUNT(*) AS tp_count FROM `onethink_document` WHERE (  category_id=41 ) LIMIT 1   [ RunTime:0.0000s ]
SQL: SELECT * FROM `onethink_document` WHERE (  category_id=41 ) AND (  status=1 ) LIMIT 0,2   [ RunTime:0.0010s ]
SQL: SHOW COLUMNS FROM `onethink_picture` [ RunTime:0.0080s ]
SQL: SELECT * FROM `onethink_picture` WHERE (  id=7 ) LIMIT 1   [ RunTime:0.0010s ]
SQL: SELECT * FROM `onethink_picture` WHERE (  id=6 ) LIMIT 1   [ RunTime:0.0010s ]

[ 2017-07-08T16:04:19+08:00 ] 127.0.0.1 /wechat.php?s=/Shop/index/p/1
INFO: [ app_begin ] --START--
INFO: Run Behavior\ReadHtmlCacheBehavior [ RunTime:0.001000s ]
INFO: [ app_begin ] --END-- [ RunTime:0.002000s ]
SQL: SHOW COLUMNS FROM `onethink_document` [ RunTime:0.0310s ]
SQL: SELECT COUNT(*) AS tp_count FROM `onethink_document` WHERE (  category_id=43 ) LIMIT 1   [ RunTime:0.0000s ]
SQL: SELECT * FROM `onethink_document` WHERE (  category_id=43 ) AND (  status=1 ) LIMIT 0,2   [ RunTime:0.0010s ]
SQL: SHOW COLUMNS FROM `onethink_picture` [ RunTime:0.0280s ]
SQL: SELECT * FROM `onethink_picture` WHERE (  id=7 ) LIMIT 1   [ RunTime:0.0000s ]
SQL: SELECT * FROM `onethink_picture` WHERE (  id=7 ) LIMIT 1   [ RunTime:0.0010s ]

[ 2017-07-08T16:04:22+08:00 ] 127.0.0.1 /wechat.php?s=/Activity/index/p/1
INFO: [ app_begin ] --START--
INFO: Run Behavior\ReadHtmlCacheBehavior [ RunTime:0.001000s ]
INFO: [ app_begin ] --END-- [ RunTime:0.003000s ]
SQL: SHOW COLUMNS FROM `onethink_document` [ RunTime:0.0290s ]
SQL: SELECT COUNT(*) AS tp_count FROM `onethink_document` WHERE (  category_id=42 ) LIMIT 1   [ RunTime:0.0010s ]
SQL: SELECT * FROM `onethink_document` WHERE (  category_id=42 ) AND (  status=1 ) AND (  deadline>=1499501062 ) LIMIT 0,2   [ RunTime:0.0010s ]
SQL: SHOW COLUMNS FROM `onethink_picture` [ RunTime:0.0180s ]
SQL: SELECT * FROM `onethink_picture` WHERE (  id=6 ) LIMIT 1   [ RunTime:0.0010s ]
SQL: SELECT * FROM `onethink_picture` WHERE (  id=6 ) LIMIT 1   [ RunTime:0.0000s ]

[ 2017-07-08T16:35:19+08:00 ] 127.0.0.1 /wechat.php?s=/Activity/index/p/1
INFO: [ app_begin ] --START--
INFO: Run Behavior\ReadHtmlCacheBehavior [ RunTime:0.003000s ]
INFO: [ app_begin ] --END-- [ RunTime:0.004000s ]
SQL: SHOW COLUMNS FROM `onethink_document` [ RunTime:0.0130s ]
SQL: SELECT COUNT(*) AS tp_count FROM `onethink_document` WHERE (  category_id=42 ) LIMIT 1   [ RunTime:0.0000s ]
SQL: SELECT * FROM `onethink_document` WHERE (  category_id=42 ) AND (  status=1 ) AND (  deadline>=1499502919 ) LIMIT 0,2   [ RunTime:0.0010s ]
SQL: SHOW COLUMNS FROM `onethink_picture` [ RunTime:0.0100s ]
SQL: SELECT * FROM `onethink_picture` WHERE (  id=6 ) LIMIT 1   [ RunTime:0.0010s ]
SQL: SELECT * FROM `onethink_picture` WHERE (  id=6 ) LIMIT 1   [ RunTime:0.0000s ]

[ 2017-07-08T16:35:37+08:00 ] 127.0.0.1 /wechat.php?s=/Activity/index/p/1
INFO: [ app_begin ] --START--
INFO: Run Behavior\ReadHtmlCacheBehavior [ RunTime:0.002000s ]
INFO: [ app_begin ] --END-- [ RunTime:0.003000s ]
SQL: SHOW COLUMNS FROM `onethink_document` [ RunTime:0.0260s ]
SQL: SELECT COUNT(*) AS tp_count FROM `onethink_document` WHERE (  category_id=42 ) LIMIT 1   [ RunTime:0.0000s ]
SQL: SELECT * FROM `onethink_document` WHERE (  category_id=42 ) AND (  status=1 ) AND (  deadline>=1499502937 ) LIMIT 0,2   [ RunTime:0.0010s ]
SQL: SHOW COLUMNS FROM `onethink_picture` [ RunTime:0.0190s ]
SQL: SELECT * FROM `onethink_picture` WHERE (  id=6 ) LIMIT 1   [ RunTime:0.0000s ]
SQL: SELECT * FROM `onethink_picture` WHERE (  id=6 ) LIMIT 1   [ RunTime:0.0000s ]

[ 2017-07-08T17:11:35+08:00 ] 127.0.0.1 /wechat.php?s=/Activity/activity/member_id/8
INFO: [ app_begin ] --START--
INFO: Run Behavior\ReadHtmlCacheBehavior [ RunTime:0.001000s ]
INFO: [ app_begin ] --END-- [ RunTime:0.002000s ]
SQL: SHOW COLUMNS FROM `onethink_activity` [ RunTime:0.0200s ]
SQL: SELECT * FROM `onethink_activity` WHERE ( member_id=2 And document_id=0 ) LIMIT 1   [ RunTime:0.0010s ]

[ 2017-07-08T17:14:35+08:00 ] 127.0.0.1 /wechat.php?s=/Activity/activity/member_id/8
INFO: [ app_begin ] --START--
INFO: Run Behavior\ReadHtmlCacheBehavior [ RunTime:0.001000s ]
INFO: [ app_begin ] --END-- [ RunTime:0.002000s ]
SQL: SHOW COLUMNS FROM `onethink_activity` [ RunTime:0.0090s ]
SQL: SELECT * FROM `onethink_activity` WHERE ( member_id=2 And document_id=0 ) LIMIT 1   [ RunTime:0.0000s ]
SQL: INSERT INTO `onethink_activity` (`document_id`,`member_id`,`add_time`,`status`) VALUES ('0','2','1499505275','1') [ RunTime:0.0980s ]

[ 2017-07-08T17:14:38+08:00 ] 127.0.0.1 /wechat.php?s=/Activity/activity/member_id/8
INFO: [ app_begin ] --START--
INFO: Run Behavior\ReadHtmlCacheBehavior [ RunTime:0.001000s ]
INFO: [ app_begin ] --END-- [ RunTime:0.001000s ]
SQL: SHOW COLUMNS FROM `onethink_activity` [ RunTime:0.0220s ]
SQL: SELECT * FROM `onethink_activity` WHERE ( member_id=2 And document_id=0 ) LIMIT 1   [ RunTime:0.0010s ]

[ 2017-07-08T17:17:26+08:00 ] 127.0.0.1 /wechat.php?s=/Activity/activity/member_id/8
INFO: [ app_begin ] --START--
INFO: Run Behavior\ReadHtmlCacheBehavior [ RunTime:0.001000s ]
INFO: [ app_begin ] --END-- [ RunTime:0.002000s ]
SQL: SHOW COLUMNS FROM `onethink_activity` [ RunTime:0.0260s ]
SQL: SELECT * FROM `onethink_activity` WHERE ( member_id=2 And document_id=0 ) LIMIT 1   [ RunTime:0.0010s ]

[ 2017-07-08T17:17:34+08:00 ] 127.0.0.1 /wechat.php?s=/Activity/index/p/1
INFO: [ app_begin ] --START--
INFO: Run Behavior\ReadHtmlCacheBehavior [ RunTime:0.001000s ]
INFO: [ app_begin ] --END-- [ RunTime:0.002000s ]
SQL: SHOW COLUMNS FROM `onethink_document` [ RunTime:0.0110s ]
SQL: SELECT COUNT(*) AS tp_count FROM `onethink_document` WHERE (  category_id=42 ) LIMIT 1   [ RunTime:0.0010s ]
SQL: SELECT * FROM `onethink_document` WHERE (  category_id=42 ) AND (  status=1 ) AND (  deadline>=1499505454 ) LIMIT 0,2   [ RunTime:0.0010s ]
SQL: SHOW COLUMNS FROM `onethink_picture` [ RunTime:0.0100s ]
SQL: SELECT * FROM `onethink_picture` WHERE (  id=6 ) LIMIT 1   [ RunTime:0.0000s ]
SQL: SELECT * FROM `onethink_picture` WHERE (  id=6 ) LIMIT 1   [ RunTime:0.0050s ]

[ 2017-07-08T17:18:06+08:00 ] 127.0.0.1 /wechat.php?s=/Activity/index/p/1
INFO: [ app_begin ] --START--
INFO: Run Behavior\ReadHtmlCacheBehavior [ RunTime:0.002000s ]
INFO: [ app_begin ] --END-- [ RunTime:0.002000s ]
SQL: SHOW COLUMNS FROM `onethink_document` [ RunTime:0.0280s ]
SQL: SELECT COUNT(*) AS tp_count FROM `onethink_document` WHERE (  category_id=42 ) LIMIT 1   [ RunTime:0.0010s ]
SQL: SELECT * FROM `onethink_document` WHERE (  category_id=42 ) AND (  status=1 ) AND (  deadline>=1499505486 ) LIMIT 0,2   [ RunTime:0.0010s ]
SQL: SHOW COLUMNS FROM `onethink_picture` [ RunTime:0.0250s ]
SQL: SELECT * FROM `onethink_picture` WHERE (  id=6 ) LIMIT 1   [ RunTime:0.0010s ]
SQL: SELECT * FROM `onethink_picture` WHERE (  id=6 ) LIMIT 1   [ RunTime:0.0000s ]

[ 2017-07-08T17:18:09+08:00 ] 127.0.0.1 /wechat.php?s=/Activity/activity/member_id/8
INFO: [ app_begin ] --START--
INFO: Run Behavior\ReadHtmlCacheBehavior [ RunTime:0.001000s ]
INFO: [ app_begin ] --END-- [ RunTime:0.002000s ]
SQL: SHOW COLUMNS FROM `onethink_activity` [ RunTime:0.0230s ]
SQL: SELECT * FROM `onethink_activity` WHERE ( member_id=2 And document_id=0 ) LIMIT 1   [ RunTime:0.0010s ]

[ 2017-07-08T17:18:12+08:00 ] 127.0.0.1 /wechat.php?s=/Activity/index/p/1
INFO: [ app_begin ] --START--
INFO: Run Behavior\ReadHtmlCacheBehavior [ RunTime:0.001000s ]
INFO: [ app_begin ] --END-- [ RunTime:0.003000s ]
SQL: SHOW COLUMNS FROM `onethink_document` [ RunTime:0.0310s ]
SQL: SELECT COUNT(*) AS tp_count FROM `onethink_document` WHERE (  category_id=42 ) LIMIT 1   [ RunTime:0.0000s ]
SQL: SELECT * FROM `onethink_document` WHERE (  category_id=42 ) AND (  status=1 ) AND (  deadline>=1499505492 ) LIMIT 0,2   [ RunTime:0.0020s ]
SQL: SHOW COLUMNS FROM `onethink_picture` [ RunTime:0.0330s ]
SQL: SELECT * FROM `onethink_picture` WHERE (  id=6 ) LIMIT 1   [ RunTime:0.0010s ]
SQL: SELECT * FROM `onethink_picture` WHERE (  id=6 ) LIMIT 1   [ RunTime:0.0010s ]

[ 2017-07-08T17:18:14+08:00 ] 127.0.0.1 /wechat.php?s=/Activity/index/p/2
INFO: [ app_begin ] --START--
INFO: Run Behavior\ReadHtmlCacheBehavior [ RunTime:0.001000s ]
INFO: [ app_begin ] --END-- [ RunTime:0.002000s ]
SQL: SHOW COLUMNS FROM `onethink_document` [ RunTime:0.0300s ]
SQL: SELECT COUNT(*) AS tp_count FROM `onethink_document` WHERE (  category_id=42 ) LIMIT 1   [ RunTime:0.0000s ]
SQL: SELECT * FROM `onethink_document` WHERE (  category_id=42 ) AND (  status=1 ) AND (  deadline>=1499505494 ) LIMIT 2,2   [ RunTime:0.0010s ]
SQL: SHOW COLUMNS FROM `onethink_picture` [ RunTime:0.0210s ]
SQL: SELECT * FROM `onethink_picture` WHERE (  id=4 ) LIMIT 1   [ RunTime:0.0000s ]

[ 2017-07-08T17:18:19+08:00 ] 127.0.0.1 /wechat.php?s=/Activity/index/p/1
INFO: [ app_begin ] --START--
INFO: Run Behavior\ReadHtmlCacheBehavior [ RunTime:0.001001s ]
INFO: [ app_begin ] --END-- [ RunTime:0.002001s ]
SQL: SHOW COLUMNS FROM `onethink_document` [ RunTime:0.0260s ]
SQL: SELECT COUNT(*) AS tp_count FROM `onethink_document` WHERE (  category_id=42 ) LIMIT 1   [ RunTime:0.0000s ]
SQL: SELECT * FROM `onethink_document` WHERE (  category_id=42 ) AND (  status=1 ) AND (  deadline>=1499505499 ) LIMIT 0,2   [ RunTime:0.0010s ]
SQL: SHOW COLUMNS FROM `onethink_picture` [ RunTime:0.0200s ]
SQL: SELECT * FROM `onethink_picture` WHERE (  id=6 ) LIMIT 1   [ RunTime:0.0010s ]
SQL: SELECT * FROM `onethink_picture` WHERE (  id=6 ) LIMIT 1   [ RunTime:0.0010s ]

[ 2017-07-08T17:18:23+08:00 ] 127.0.0.1 /wechat.php?s=/Activity/activity/member_id/10
INFO: [ app_begin ] --START--
INFO: Run Behavior\ReadHtmlCacheBehavior [ RunTime:0.001001s ]
INFO: [ app_begin ] --END-- [ RunTime:0.002001s ]
SQL: SHOW COLUMNS FROM `onethink_activity` [ RunTime:0.0270s ]
SQL: SELECT * FROM `onethink_activity` WHERE ( member_id=2 And document_id=0 ) LIMIT 1   [ RunTime:0.0000s ]

[ 2017-07-08T17:18:25+08:00 ] 127.0.0.1 /wechat.php?s=/Activity/index/p/1
INFO: [ app_begin ] --START--
INFO: Run Behavior\ReadHtmlCacheBehavior [ RunTime:0.001000s ]
INFO: [ app_begin ] --END-- [ RunTime:0.004000s ]
SQL: SHOW COLUMNS FROM `onethink_document` [ RunTime:0.0170s ]
SQL: SELECT COUNT(*) AS tp_count FROM `onethink_document` WHERE (  category_id=42 ) LIMIT 1   [ RunTime:0.0000s ]
SQL: SELECT * FROM `onethink_document` WHERE (  category_id=42 ) AND (  status=1 ) AND (  deadline>=1499505505 ) LIMIT 0,2   [ RunTime:0.0010s ]
SQL: SHOW COLUMNS FROM `onethink_picture` [ RunTime:0.0120s ]
SQL: SELECT * FROM `onethink_picture` WHERE (  id=6 ) LIMIT 1   [ RunTime:0.0000s ]
SQL: SELECT * FROM `onethink_picture` WHERE (  id=6 ) LIMIT 1   [ RunTime:0.0010s ]

[ 2017-07-08T17:18:28+08:00 ] 127.0.0.1 /wechat.php?s=/Activity/index/p/2
INFO: [ app_begin ] --START--
INFO: Run Behavior\ReadHtmlCacheBehavior [ RunTime:0.001000s ]
INFO: [ app_begin ] --END-- [ RunTime:0.002000s ]
SQL: SHOW COLUMNS FROM `onethink_document` [ RunTime:0.0270s ]
SQL: SELECT COUNT(*) AS tp_count FROM `onethink_document` WHERE (  category_id=42 ) LIMIT 1   [ RunTime:0.0010s ]
SQL: SELECT * FROM `onethink_document` WHERE (  category_id=42 ) AND (  status=1 ) AND (  deadline>=1499505508 ) LIMIT 2,2   [ RunTime:0.0010s ]
SQL: SHOW COLUMNS FROM `onethink_picture` [ RunTime:0.0240s ]
SQL: SELECT * FROM `onethink_picture` WHERE (  id=4 ) LIMIT 1   [ RunTime:0.0010s ]

[ 2017-07-08T17:18:39+08:00 ] 127.0.0.1 /wechat.php?s=/Activity/activity/member_id/10
INFO: [ app_begin ] --START--
INFO: Run Behavior\ReadHtmlCacheBehavior [ RunTime:0.001000s ]
INFO: [ app_begin ] --END-- [ RunTime:0.002000s ]
SQL: SHOW COLUMNS FROM `onethink_activity` [ RunTime:0.0180s ]
SQL: SELECT * FROM `onethink_activity` WHERE ( member_id=2 And document_id=0 ) LIMIT 1   [ RunTime:0.0010s ]

[ 2017-07-08T17:20:29+08:00 ] 127.0.0.1 /wechat.php?s=/Activity/activity/document_id/10
INFO: [ app_begin ] --START--
INFO: Run Behavior\ReadHtmlCacheBehavior [ RunTime:0.001000s ]
INFO: [ app_begin ] --END-- [ RunTime:0.003000s ]
SQL: SHOW COLUMNS FROM `onethink_activity` [ RunTime:0.0100s ]
SQL: SELECT * FROM `onethink_activity` WHERE ( member_id=2 And document_id=10 ) LIMIT 1   [ RunTime:0.0010s ]
SQL: INSERT INTO `onethink_activity` (`document_id`,`member_id`,`add_time`,`status`) VALUES ('10','2','1499505629','1') [ RunTime:0.0750s ]

[ 2017-07-08T17:20:36+08:00 ] 127.0.0.1 /wechat.php?s=/Activity/activity/document_id/10
INFO: [ app_begin ] --START--
INFO: Run Behavior\ReadHtmlCacheBehavior [ RunTime:0.001000s ]
INFO: [ app_begin ] --END-- [ RunTime:0.002000s ]
SQL: SHOW COLUMNS FROM `onethink_activity` [ RunTime:0.0280s ]
SQL: SELECT * FROM `onethink_activity` WHERE ( member_id=2 And document_id=10 ) LIMIT 1   [ RunTime:0.0010s ]

[ 2017-07-08T17:20:40+08:00 ] 127.0.0.1 /wechat.php?s=/Activity/index/p/1
INFO: [ app_begin ] --START--
INFO: Run Behavior\ReadHtmlCacheBehavior [ RunTime:0.001000s ]
INFO: [ app_begin ] --END-- [ RunTime:0.002000s ]
SQL: SHOW COLUMNS FROM `onethink_document` [ RunTime:0.0120s ]
SQL: SELECT COUNT(*) AS tp_count FROM `onethink_document` WHERE (  category_id=42 ) LIMIT 1   [ RunTime:0.0010s ]
SQL: SELECT * FROM `onethink_document` WHERE (  category_id=42 ) AND (  status=1 ) AND (  deadline>=1499505640 ) LIMIT 0,2   [ RunTime:0.0010s ]
SQL: SHOW COLUMNS FROM `onethink_picture` [ RunTime:0.0120s ]
SQL: SELECT * FROM `onethink_picture` WHERE (  id=6 ) LIMIT 1   [ RunTime:0.0000s ]
SQL: SELECT * FROM `onethink_picture` WHERE (  id=6 ) LIMIT 1   [ RunTime:0.0000s ]

[ 2017-07-08T17:21:56+08:00 ] 127.0.0.1 /wechat.php?s=/Shop/index/p/1
INFO: [ app_begin ] --START--
INFO: Run Behavior\ReadHtmlCacheBehavior [ RunTime:0.001000s ]
INFO: [ app_begin ] --END-- [ RunTime:0.002000s ]
SQL: SHOW COLUMNS FROM `onethink_document` [ RunTime:0.0110s ]
SQL: SELECT COUNT(*) AS tp_count FROM `onethink_document` WHERE (  category_id=43 ) LIMIT 1   [ RunTime:0.0010s ]
SQL: SELECT * FROM `onethink_document` WHERE (  category_id=43 ) AND (  status=1 ) LIMIT 0,2   [ RunTime:0.0010s ]
SQL: SHOW COLUMNS FROM `onethink_picture` [ RunTime:0.0090s ]
SQL: SELECT * FROM `onethink_picture` WHERE (  id=7 ) LIMIT 1   [ RunTime:0.0010s ]
SQL: SELECT * FROM `onethink_picture` WHERE (  id=7 ) LIMIT 1   [ RunTime:0.0000s ]

[ 2017-07-08T17:22:02+08:00 ] 127.0.0.1 /wechat.php?s=/Shop/index/p/1
INFO: [ app_begin ] --START--
INFO: Run Behavior\ReadHtmlCacheBehavior [ RunTime:0.002000s ]
INFO: [ app_begin ] --END-- [ RunTime:0.003000s ]
SQL: SHOW COLUMNS FROM `onethink_document` [ RunTime:0.0480s ]
SQL: SELECT COUNT(*) AS tp_count FROM `onethink_document` WHERE (  category_id=43 ) LIMIT 1   [ RunTime:0.0000s ]
SQL: SELECT * FROM `onethink_document` WHERE (  category_id=43 ) AND (  status=1 ) LIMIT 0,2   [ RunTime:0.0010s ]
SQL: SHOW COLUMNS FROM `onethink_picture` [ RunTime:0.0370s ]
SQL: SELECT * FROM `onethink_picture` WHERE (  id=7 ) LIMIT 1   [ RunTime:0.0010s ]
SQL: SELECT * FROM `onethink_picture` WHERE (  id=7 ) LIMIT 1   [ RunTime:0.0010s ]

[ 2017-07-08T17:22:10+08:00 ] 127.0.0.1 /wechat.php?s=/Shop/index/p/1
INFO: [ app_begin ] --START--
INFO: Run Behavior\ReadHtmlCacheBehavior [ RunTime:0.001000s ]
INFO: [ app_begin ] --END-- [ RunTime:0.002000s ]
SQL: SHOW COLUMNS FROM `onethink_document` [ RunTime:0.0100s ]
SQL: SELECT COUNT(*) AS tp_count FROM `onethink_document` WHERE (  category_id=43 ) LIMIT 1   [ RunTime:0.0000s ]
SQL: SELECT * FROM `onethink_document` WHERE (  category_id=43 ) AND (  status=1 ) LIMIT 0,2   [ RunTime:0.0010s ]
SQL: SHOW COLUMNS FROM `onethink_picture` [ RunTime:0.0120s ]
SQL: SELECT * FROM `onethink_picture` WHERE (  id=7 ) LIMIT 1   [ RunTime:0.0010s ]
SQL: SELECT * FROM `onethink_picture` WHERE (  id=7 ) LIMIT 1   [ RunTime:0.0000s ]

